running develop
running egg_info
creating slam_landmarks.egg-info
writing slam_landmarks.egg-info/PKG-INFO
writing dependency_links to slam_landmarks.egg-info/dependency_links.txt
writing entry points to slam_landmarks.egg-info/entry_points.txt
writing requirements to slam_landmarks.egg-info/requires.txt
writing top-level names to slam_landmarks.egg-info/top_level.txt
writing manifest file 'slam_landmarks.egg-info/SOURCES.txt'
reading manifest file 'slam_landmarks.egg-info/SOURCES.txt'
adding license file 'LICENSE'
writing manifest file 'slam_landmarks.egg-info/SOURCES.txt'
running build_ext
Creating /home/stargate/slam_ws/install/slam_landmarks/lib/python3.11/site-packages/slam-landmarks.egg-link (link to .)
Installing landmark_3d_node script to /home/stargate/slam_ws/install/slam_landmarks/lib/slam_landmarks
Installing yolo_detector_node script to /home/stargate/slam_ws/install/slam_landmarks/lib/slam_landmarks

Installed /home/stargate/slam_ws/build/slam_landmarks
running symlink_data
creating /home/stargate/slam_ws/install/slam_landmarks/share/ament_index
creating /home/stargate/slam_ws/install/slam_landmarks/share/ament_index/resource_index
creating /home/stargate/slam_ws/install/slam_landmarks/share/ament_index/resource_index/packages
symbolically linking /home/stargate/slam_ws/build/slam_landmarks/resource/slam_landmarks -> /home/stargate/slam_ws/install/slam_landmarks/share/ament_index/resource_index/packages
symbolically linking /home/stargate/slam_ws/build/slam_landmarks/package.xml -> /home/stargate/slam_ws/install/slam_landmarks/share/slam_landmarks
symbolically linking /home/stargate/slam_ws/build/slam_landmarks/LICENSE -> /home/stargate/slam_ws/install/slam_landmarks/share/slam_landmarks
