running develop
running egg_info
creating slam_sensors.egg-info
writing slam_sensors.egg-info/PKG-INFO
writing dependency_links to slam_sensors.egg-info/dependency_links.txt
writing entry points to slam_sensors.egg-info/entry_points.txt
writing requirements to slam_sensors.egg-info/requires.txt
writing top-level names to slam_sensors.egg-info/top_level.txt
writing manifest file 'slam_sensors.egg-info/SOURCES.txt'
reading manifest file 'slam_sensors.egg-info/SOURCES.txt'
adding license file 'LICENSE'
writing manifest file 'slam_sensors.egg-info/SOURCES.txt'
running build_ext
Creating /home/stargate/slam_ws/install/slam_sensors/lib/python3.11/site-packages/slam-sensors.egg-link (link to .)
Installing arducam_tof_node script to /home/stargate/slam_ws/install/slam_sensors/lib/slam_sensors
Installing mpu6050_node script to /home/stargate/slam_ws/install/slam_sensors/lib/slam_sensors
Installing pi_ai_cam_node script to /home/stargate/slam_ws/install/slam_sensors/lib/slam_sensors

Installed /home/stargate/slam_ws/build/slam_sensors
running symlink_data
creating /home/stargate/slam_ws/install/slam_sensors/share/ament_index
creating /home/stargate/slam_ws/install/slam_sensors/share/ament_index/resource_index
creating /home/stargate/slam_ws/install/slam_sensors/share/ament_index/resource_index/packages
symbolically linking /home/stargate/slam_ws/build/slam_sensors/resource/slam_sensors -> /home/stargate/slam_ws/install/slam_sensors/share/ament_index/resource_index/packages
symbolically linking /home/stargate/slam_ws/build/slam_sensors/package.xml -> /home/stargate/slam_ws/install/slam_sensors/share/slam_sensors
symbolically linking /home/stargate/slam_ws/build/slam_sensors/LICENSE -> /home/stargate/slam_ws/install/slam_sensors/share/slam_sensors
