-- The C compiler identification is GNU 12.2.0
-- The CXX compiler identification is GNU 12.2.0
-- Detecting C compiler ABI info
-- Detecting C compiler ABI info - done
-- Check for working C compiler: /usr/bin/cc - skipped
-- Detecting C compile features
-- Detecting C compile features - done
-- Detecting CXX compiler ABI info
-- Detecting CXX compiler ABI info - done
-- Check for working CXX compiler: /usr/bin/c++ - skipped
-- Detecting CXX compile features
-- Detecting CXX compile features - done
-- Found ament_cmake: 1.3.12 (/home/stargate/ros2_humble/install/ament_cmake/share/ament_cmake/cmake)
-- Found Python3: /usr/bin/python3 (found version "3.11.2") found components: Interpreter 
-- Override CMake install command with custom implementation using symlinks instead of copying resources
-- Configuring done
-- Generating done
-- Build files have been written to: /home/stargate/slam_ws/build/slam_bringup
-- Install configuration: ""
-- Execute custom install script
-- Symlinking: /home/stargate/slam_ws/install/slam_bringup/share/slam_bringup//launch/handheld_slam.launch.py
-- Symlinking: /home/stargate/slam_ws/install/slam_bringup/share/slam_bringup//launch/sensors_only.launch.py
-- Symlinking: /home/stargate/slam_ws/install/slam_bringup/share/ament_index/resource_index/package_run_dependencies/slam_bringup
-- Symlinking: /home/stargate/slam_ws/install/slam_bringup/share/ament_index/resource_index/parent_prefix_path/slam_bringup
-- Symlinking: /home/stargate/slam_ws/install/slam_bringup/share/slam_bringup/environment/ament_prefix_path.sh
-- Symlinking: /home/stargate/slam_ws/install/slam_bringup/share/slam_bringup/environment/ament_prefix_path.dsv
-- Symlinking: /home/stargate/slam_ws/install/slam_bringup/share/slam_bringup/environment/path.sh
-- Symlinking: /home/stargate/slam_ws/install/slam_bringup/share/slam_bringup/environment/path.dsv
-- Symlinking: /home/stargate/slam_ws/install/slam_bringup/share/slam_bringup/local_setup.bash
-- Symlinking: /home/stargate/slam_ws/install/slam_bringup/share/slam_bringup/local_setup.sh
-- Symlinking: /home/stargate/slam_ws/install/slam_bringup/share/slam_bringup/local_setup.zsh
-- Symlinking: /home/stargate/slam_ws/install/slam_bringup/share/slam_bringup/local_setup.dsv
-- Symlinking: /home/stargate/slam_ws/install/slam_bringup/share/slam_bringup/package.dsv
-- Symlinking: /home/stargate/slam_ws/install/slam_bringup/share/ament_index/resource_index/packages/slam_bringup
-- Symlinking: /home/stargate/slam_ws/install/slam_bringup/share/slam_bringup/cmake/slam_bringupConfig.cmake
-- Symlinking: /home/stargate/slam_ws/install/slam_bringup/share/slam_bringup/cmake/slam_bringupConfig-version.cmake
-- Symlinking: /home/stargate/slam_ws/install/slam_bringup/share/slam_bringup/package.xml
