running develop
running egg_info
creating slam_fusion.egg-info
writing slam_fusion.egg-info/PKG-INFO
writing dependency_links to slam_fusion.egg-info/dependency_links.txt
writing entry points to slam_fusion.egg-info/entry_points.txt
writing requirements to slam_fusion.egg-info/requires.txt
writing top-level names to slam_fusion.egg-info/top_level.txt
writing manifest file 'slam_fusion.egg-info/SOURCES.txt'
reading manifest file 'slam_fusion.egg-info/SOURCES.txt'
adding license file 'LICENSE'
writing manifest file 'slam_fusion.egg-info/SOURCES.txt'
running build_ext
Creating /home/stargate/slam_ws/install/slam_fusion/lib/python3.11/site-packages/slam-fusion.egg-link (link to .)
Installing static_tf_broadcaster script to /home/stargate/slam_ws/install/slam_fusion/lib/slam_fusion

Installed /home/stargate/slam_ws/build/slam_fusion
running symlink_data
creating /home/stargate/slam_ws/install/slam_fusion/share/ament_index
creating /home/stargate/slam_ws/install/slam_fusion/share/ament_index/resource_index
creating /home/stargate/slam_ws/install/slam_fusion/share/ament_index/resource_index/packages
symbolically linking /home/stargate/slam_ws/build/slam_fusion/resource/slam_fusion -> /home/stargate/slam_ws/install/slam_fusion/share/ament_index/resource_index/packages
symbolically linking /home/stargate/slam_ws/build/slam_fusion/package.xml -> /home/stargate/slam_ws/install/slam_fusion/share/slam_fusion
symbolically linking /home/stargate/slam_ws/build/slam_fusion/LICENSE -> /home/stargate/slam_ws/install/slam_fusion/share/slam_fusion
