[0.508s] DEBUG:colcon:Command line arguments: ['/usr/local/bin/colcon', 'build', '--symlink-install', '--packages-select', 'slam_landmarks']
[0.508s] DEBUG:colcon:Parsed command line arguments: Namespace(log_base=None, log_level=None, verb_name='build', build_base='build', install_base='install', merge_install=False, symlink_install=True, test_result_base=None, continue_on_error=False, executor='parallel', parallel_workers=4, event_handlers=None, ignore_user_meta=False, metas=['./colcon.meta'], base_paths=['.'], packages_ignore=None, packages_ignore_regex=None, paths=None, packages_up_to=None, packages_up_to_regex=None, packages_above=None, packages_above_and_dependencies=None, packages_above_depth=None, packages_select_by_dep=None, packages_skip_by_dep=None, packages_skip_up_to=None, packages_select_build_failed=False, packages_skip_build_finished=False, packages_select_test_failures=False, packages_skip_test_passed=False, packages_select=['slam_landmarks'], packages_skip=None, packages_select_regex=None, packages_skip_regex=None, packages_start=None, packages_end=None, cmake_args=None, cmake_target=None, cmake_target_skip_unavailable=False, cmake_clean_cache=False, cmake_clean_first=False, cmake_force_configure=False, ament_cmake_args=None, catkin_cmake_args=None, catkin_skip_building_tests=False, verb_parser=<colcon_defaults.argument_parser.defaults.DefaultArgumentsDecorator object at 0x7ffed194d650>, verb_extension=<colcon_core.verb.build.BuildVerb object at 0x7ffed18cf490>, main=<bound method BuildVerb.main of <colcon_core.verb.build.BuildVerb object at 0x7ffed18cf490>>)
[0.926s] Level 1:colcon.colcon_core.package_discovery:discover_packages(colcon_meta) check parameters
[0.927s] Level 1:colcon.colcon_core.package_discovery:discover_packages(recursive) check parameters
[0.927s] Level 1:colcon.colcon_core.package_discovery:discover_packages(ignore) check parameters
[0.927s] Level 1:colcon.colcon_core.package_discovery:discover_packages(path) check parameters
[0.927s] Level 1:colcon.colcon_core.package_discovery:discover_packages(colcon_meta) discover
[0.927s] Level 1:colcon.colcon_core.package_discovery:discover_packages(recursive) discover
[0.927s] INFO:colcon.colcon_core.package_discovery:Crawling recursively for packages in '/home/stargate/slam_ws'
[0.927s] Level 1:colcon.colcon_core.package_identification:_identify(.) by extensions ['ignore', 'ignore_ament_install']
[0.927s] Level 1:colcon.colcon_core.package_identification:_identify(.) by extension 'ignore'
[0.928s] Level 1:colcon.colcon_core.package_identification:_identify(.) by extension 'ignore_ament_install'
[0.928s] Level 1:colcon.colcon_core.package_identification:_identify(.) by extensions ['colcon_pkg']
[0.928s] Level 1:colcon.colcon_core.package_identification:_identify(.) by extension 'colcon_pkg'
[0.928s] Level 1:colcon.colcon_core.package_identification:_identify(.) by extensions ['colcon_meta']
[0.928s] Level 1:colcon.colcon_core.package_identification:_identify(.) by extension 'colcon_meta'
[0.928s] Level 1:colcon.colcon_core.package_identification:_identify(.) by extensions ['ros']
[0.928s] Level 1:colcon.colcon_core.package_identification:_identify(.) by extension 'ros'
[0.988s] Level 1:colcon.colcon_core.package_identification:_identify(.) by extensions ['cmake', 'python']
[0.988s] Level 1:colcon.colcon_core.package_identification:_identify(.) by extension 'cmake'
[0.988s] Level 1:colcon.colcon_core.package_identification:_identify(.) by extension 'python'
[0.988s] Level 1:colcon.colcon_core.package_identification:_identify(.) by extensions ['python_setup_py']
[0.988s] Level 1:colcon.colcon_core.package_identification:_identify(.) by extension 'python_setup_py'
[0.989s] Level 1:colcon.colcon_core.package_identification:_identify(build) by extensions ['ignore', 'ignore_ament_install']
[0.989s] Level 1:colcon.colcon_core.package_identification:_identify(build) by extension 'ignore'
[0.989s] Level 1:colcon.colcon_core.package_identification:_identify(build) ignored
[0.989s] Level 1:colcon.colcon_core.package_identification:_identify(install) by extensions ['ignore', 'ignore_ament_install']
[0.990s] Level 1:colcon.colcon_core.package_identification:_identify(install) by extension 'ignore'
[0.990s] Level 1:colcon.colcon_core.package_identification:_identify(install) ignored
[0.990s] Level 1:colcon.colcon_core.package_identification:_identify(log) by extensions ['ignore', 'ignore_ament_install']
[0.990s] Level 1:colcon.colcon_core.package_identification:_identify(log) by extension 'ignore'
[0.990s] Level 1:colcon.colcon_core.package_identification:_identify(log) ignored
[0.990s] Level 1:colcon.colcon_core.package_identification:_identify(models) by extensions ['ignore', 'ignore_ament_install']
[0.990s] Level 1:colcon.colcon_core.package_identification:_identify(models) by extension 'ignore'
[0.990s] Level 1:colcon.colcon_core.package_identification:_identify(models) by extension 'ignore_ament_install'
[0.990s] Level 1:colcon.colcon_core.package_identification:_identify(models) by extensions ['colcon_pkg']
[0.990s] Level 1:colcon.colcon_core.package_identification:_identify(models) by extension 'colcon_pkg'
[0.990s] Level 1:colcon.colcon_core.package_identification:_identify(models) by extensions ['colcon_meta']
[0.990s] Level 1:colcon.colcon_core.package_identification:_identify(models) by extension 'colcon_meta'
[0.990s] Level 1:colcon.colcon_core.package_identification:_identify(models) by extensions ['ros']
[0.990s] Level 1:colcon.colcon_core.package_identification:_identify(models) by extension 'ros'
[0.991s] Level 1:colcon.colcon_core.package_identification:_identify(models) by extensions ['cmake', 'python']
[0.991s] Level 1:colcon.colcon_core.package_identification:_identify(models) by extension 'cmake'
[0.991s] Level 1:colcon.colcon_core.package_identification:_identify(models) by extension 'python'
[0.991s] Level 1:colcon.colcon_core.package_identification:_identify(models) by extensions ['python_setup_py']
[0.991s] Level 1:colcon.colcon_core.package_identification:_identify(models) by extension 'python_setup_py'
[0.991s] Level 1:colcon.colcon_core.package_identification:_identify(src) by extensions ['ignore', 'ignore_ament_install']
[0.991s] Level 1:colcon.colcon_core.package_identification:_identify(src) by extension 'ignore'
[0.991s] Level 1:colcon.colcon_core.package_identification:_identify(src) by extension 'ignore_ament_install'
[0.991s] Level 1:colcon.colcon_core.package_identification:_identify(src) by extensions ['colcon_pkg']
[0.991s] Level 1:colcon.colcon_core.package_identification:_identify(src) by extension 'colcon_pkg'
[0.991s] Level 1:colcon.colcon_core.package_identification:_identify(src) by extensions ['colcon_meta']
[0.991s] Level 1:colcon.colcon_core.package_identification:_identify(src) by extension 'colcon_meta'
[0.991s] Level 1:colcon.colcon_core.package_identification:_identify(src) by extensions ['ros']
[0.991s] Level 1:colcon.colcon_core.package_identification:_identify(src) by extension 'ros'
[0.991s] Level 1:colcon.colcon_core.package_identification:_identify(src) by extensions ['cmake', 'python']
[0.991s] Level 1:colcon.colcon_core.package_identification:_identify(src) by extension 'cmake'
[0.991s] Level 1:colcon.colcon_core.package_identification:_identify(src) by extension 'python'
[0.991s] Level 1:colcon.colcon_core.package_identification:_identify(src) by extensions ['python_setup_py']
[0.991s] Level 1:colcon.colcon_core.package_identification:_identify(src) by extension 'python_setup_py'
[0.991s] Level 1:colcon.colcon_core.package_identification:_identify(src/Arducam_tof_camera) by extensions ['ignore', 'ignore_ament_install']
[0.992s] Level 1:colcon.colcon_core.package_identification:_identify(src/Arducam_tof_camera) by extension 'ignore'
[0.992s] Level 1:colcon.colcon_core.package_identification:_identify(src/Arducam_tof_camera) ignored
[0.992s] Level 1:colcon.colcon_core.package_identification:_identify(src/image_common) by extensions ['ignore', 'ignore_ament_install']
[0.992s] Level 1:colcon.colcon_core.package_identification:_identify(src/image_common) by extension 'ignore'
[0.992s] Level 1:colcon.colcon_core.package_identification:_identify(src/image_common) by extension 'ignore_ament_install'
[0.992s] Level 1:colcon.colcon_core.package_identification:_identify(src/image_common) by extensions ['colcon_pkg']
[0.992s] Level 1:colcon.colcon_core.package_identification:_identify(src/image_common) by extension 'colcon_pkg'
[0.992s] Level 1:colcon.colcon_core.package_identification:_identify(src/image_common) by extensions ['colcon_meta']
[0.992s] Level 1:colcon.colcon_core.package_identification:_identify(src/image_common) by extension 'colcon_meta'
[0.992s] Level 1:colcon.colcon_core.package_identification:_identify(src/image_common) by extensions ['ros']
[0.992s] Level 1:colcon.colcon_core.package_identification:_identify(src/image_common) by extension 'ros'
[0.992s] Level 1:colcon.colcon_core.package_identification:_identify(src/image_common) by extensions ['cmake', 'python']
[0.992s] Level 1:colcon.colcon_core.package_identification:_identify(src/image_common) by extension 'cmake'
[0.992s] Level 1:colcon.colcon_core.package_identification:_identify(src/image_common) by extension 'python'
[0.992s] Level 1:colcon.colcon_core.package_identification:_identify(src/image_common) by extensions ['python_setup_py']
[0.992s] Level 1:colcon.colcon_core.package_identification:_identify(src/image_common) by extension 'python_setup_py'
[0.992s] Level 1:colcon.colcon_core.package_identification:_identify(src/image_common/camera_calibration_parsers) by extensions ['ignore', 'ignore_ament_install']
[0.992s] Level 1:colcon.colcon_core.package_identification:_identify(src/image_common/camera_calibration_parsers) by extension 'ignore'
[0.992s] Level 1:colcon.colcon_core.package_identification:_identify(src/image_common/camera_calibration_parsers) by extension 'ignore_ament_install'
[0.992s] Level 1:colcon.colcon_core.package_identification:_identify(src/image_common/camera_calibration_parsers) by extensions ['colcon_pkg']
[0.992s] Level 1:colcon.colcon_core.package_identification:_identify(src/image_common/camera_calibration_parsers) by extension 'colcon_pkg'
[0.992s] Level 1:colcon.colcon_core.package_identification:_identify(src/image_common/camera_calibration_parsers) by extensions ['colcon_meta']
[0.992s] Level 1:colcon.colcon_core.package_identification:_identify(src/image_common/camera_calibration_parsers) by extension 'colcon_meta'
[0.993s] Level 1:colcon.colcon_core.package_identification:_identify(src/image_common/camera_calibration_parsers) by extensions ['ros']
[0.993s] Level 1:colcon.colcon_core.package_identification:_identify(src/image_common/camera_calibration_parsers) by extension 'ros'
[0.997s] DEBUG:colcon.colcon_core.package_identification:Package 'src/image_common/camera_calibration_parsers' with type 'ros.ament_cmake' and name 'camera_calibration_parsers'
[0.997s] Level 1:colcon.colcon_core.package_identification:_identify(src/image_common/camera_info_manager) by extensions ['ignore', 'ignore_ament_install']
[0.997s] Level 1:colcon.colcon_core.package_identification:_identify(src/image_common/camera_info_manager) by extension 'ignore'
[0.997s] Level 1:colcon.colcon_core.package_identification:_identify(src/image_common/camera_info_manager) by extension 'ignore_ament_install'
[0.997s] Level 1:colcon.colcon_core.package_identification:_identify(src/image_common/camera_info_manager) by extensions ['colcon_pkg']
[0.997s] Level 1:colcon.colcon_core.package_identification:_identify(src/image_common/camera_info_manager) by extension 'colcon_pkg'
[0.997s] Level 1:colcon.colcon_core.package_identification:_identify(src/image_common/camera_info_manager) by extensions ['colcon_meta']
[0.997s] Level 1:colcon.colcon_core.package_identification:_identify(src/image_common/camera_info_manager) by extension 'colcon_meta'
[0.997s] Level 1:colcon.colcon_core.package_identification:_identify(src/image_common/camera_info_manager) by extensions ['ros']
[0.997s] Level 1:colcon.colcon_core.package_identification:_identify(src/image_common/camera_info_manager) by extension 'ros'
[0.998s] DEBUG:colcon.colcon_core.package_identification:Package 'src/image_common/camera_info_manager' with type 'ros.ament_cmake' and name 'camera_info_manager'
[0.999s] Level 1:colcon.colcon_core.package_identification:_identify(src/image_common/camera_info_manager_py) by extensions ['ignore', 'ignore_ament_install']
[0.999s] Level 1:colcon.colcon_core.package_identification:_identify(src/image_common/camera_info_manager_py) by extension 'ignore'
[0.999s] Level 1:colcon.colcon_core.package_identification:_identify(src/image_common/camera_info_manager_py) by extension 'ignore_ament_install'
[0.999s] Level 1:colcon.colcon_core.package_identification:_identify(src/image_common/camera_info_manager_py) by extensions ['colcon_pkg']
[0.999s] Level 1:colcon.colcon_core.package_identification:_identify(src/image_common/camera_info_manager_py) by extension 'colcon_pkg'
[0.999s] Level 1:colcon.colcon_core.package_identification:_identify(src/image_common/camera_info_manager_py) by extensions ['colcon_meta']
[0.999s] Level 1:colcon.colcon_core.package_identification:_identify(src/image_common/camera_info_manager_py) by extension 'colcon_meta'
[0.999s] Level 1:colcon.colcon_core.package_identification:_identify(src/image_common/camera_info_manager_py) by extensions ['ros']
[0.999s] Level 1:colcon.colcon_core.package_identification:_identify(src/image_common/camera_info_manager_py) by extension 'ros'
[1.000s] DEBUG:colcon.colcon_core.package_identification:Package 'src/image_common/camera_info_manager_py' with type 'ros.ament_python' and name 'camera_info_manager_py'
[1.000s] Level 1:colcon.colcon_core.package_identification:_identify(src/image_common/image_common) by extensions ['ignore', 'ignore_ament_install']
[1.000s] Level 1:colcon.colcon_core.package_identification:_identify(src/image_common/image_common) by extension 'ignore'
[1.000s] Level 1:colcon.colcon_core.package_identification:_identify(src/image_common/image_common) by extension 'ignore_ament_install'
[1.000s] Level 1:colcon.colcon_core.package_identification:_identify(src/image_common/image_common) by extensions ['colcon_pkg']
[1.000s] Level 1:colcon.colcon_core.package_identification:_identify(src/image_common/image_common) by extension 'colcon_pkg'
[1.000s] Level 1:colcon.colcon_core.package_identification:_identify(src/image_common/image_common) by extensions ['colcon_meta']
[1.000s] Level 1:colcon.colcon_core.package_identification:_identify(src/image_common/image_common) by extension 'colcon_meta'
[1.000s] Level 1:colcon.colcon_core.package_identification:_identify(src/image_common/image_common) by extensions ['ros']
[1.000s] Level 1:colcon.colcon_core.package_identification:_identify(src/image_common/image_common) by extension 'ros'
[1.001s] DEBUG:colcon.colcon_core.package_identification:Package 'src/image_common/image_common' with type 'ros.ament_cmake' and name 'image_common'
[1.001s] Level 1:colcon.colcon_core.package_identification:_identify(src/image_common/image_transport) by extensions ['ignore', 'ignore_ament_install']
[1.001s] Level 1:colcon.colcon_core.package_identification:_identify(src/image_common/image_transport) by extension 'ignore'
[1.001s] Level 1:colcon.colcon_core.package_identification:_identify(src/image_common/image_transport) by extension 'ignore_ament_install'
[1.001s] Level 1:colcon.colcon_core.package_identification:_identify(src/image_common/image_transport) by extensions ['colcon_pkg']
[1.001s] Level 1:colcon.colcon_core.package_identification:_identify(src/image_common/image_transport) by extension 'colcon_pkg'
[1.001s] Level 1:colcon.colcon_core.package_identification:_identify(src/image_common/image_transport) by extensions ['colcon_meta']
[1.001s] Level 1:colcon.colcon_core.package_identification:_identify(src/image_common/image_transport) by extension 'colcon_meta'
[1.001s] Level 1:colcon.colcon_core.package_identification:_identify(src/image_common/image_transport) by extensions ['ros']
[1.001s] Level 1:colcon.colcon_core.package_identification:_identify(src/image_common/image_transport) by extension 'ros'
[1.004s] DEBUG:colcon.colcon_core.package_identification:Package 'src/image_common/image_transport' with type 'ros.ament_cmake' and name 'image_transport'
[1.005s] Level 1:colcon.colcon_core.package_identification:_identify(src/image_common/polled_camera) by extensions ['ignore', 'ignore_ament_install']
[1.005s] Level 1:colcon.colcon_core.package_identification:_identify(src/image_common/polled_camera) by extension 'ignore'
[1.005s] Level 1:colcon.colcon_core.package_identification:_identify(src/image_common/polled_camera) ignored
[1.005s] Level 1:colcon.colcon_core.package_identification:_identify(src/imu_tools) by extensions ['ignore', 'ignore_ament_install']
[1.005s] Level 1:colcon.colcon_core.package_identification:_identify(src/imu_tools) by extension 'ignore'
[1.005s] Level 1:colcon.colcon_core.package_identification:_identify(src/imu_tools) by extension 'ignore_ament_install'
[1.005s] Level 1:colcon.colcon_core.package_identification:_identify(src/imu_tools) by extensions ['colcon_pkg']
[1.005s] Level 1:colcon.colcon_core.package_identification:_identify(src/imu_tools) by extension 'colcon_pkg'
[1.005s] Level 1:colcon.colcon_core.package_identification:_identify(src/imu_tools) by extensions ['colcon_meta']
[1.005s] Level 1:colcon.colcon_core.package_identification:_identify(src/imu_tools) by extension 'colcon_meta'
[1.005s] Level 1:colcon.colcon_core.package_identification:_identify(src/imu_tools) by extensions ['ros']
[1.005s] Level 1:colcon.colcon_core.package_identification:_identify(src/imu_tools) by extension 'ros'
[1.006s] Level 1:colcon.colcon_core.package_identification:_identify(src/imu_tools) by extensions ['cmake', 'python']
[1.006s] Level 1:colcon.colcon_core.package_identification:_identify(src/imu_tools) by extension 'cmake'
[1.006s] Level 1:colcon.colcon_core.package_identification:_identify(src/imu_tools) by extension 'python'
[1.006s] Level 1:colcon.colcon_core.package_identification:_identify(src/imu_tools) by extensions ['python_setup_py']
[1.006s] Level 1:colcon.colcon_core.package_identification:_identify(src/imu_tools) by extension 'python_setup_py'
[1.006s] Level 1:colcon.colcon_core.package_identification:_identify(src/imu_tools/imu_complementary_filter) by extensions ['ignore', 'ignore_ament_install']
[1.006s] Level 1:colcon.colcon_core.package_identification:_identify(src/imu_tools/imu_complementary_filter) by extension 'ignore'
[1.006s] Level 1:colcon.colcon_core.package_identification:_identify(src/imu_tools/imu_complementary_filter) by extension 'ignore_ament_install'
[1.006s] Level 1:colcon.colcon_core.package_identification:_identify(src/imu_tools/imu_complementary_filter) by extensions ['colcon_pkg']
[1.006s] Level 1:colcon.colcon_core.package_identification:_identify(src/imu_tools/imu_complementary_filter) by extension 'colcon_pkg'
[1.006s] Level 1:colcon.colcon_core.package_identification:_identify(src/imu_tools/imu_complementary_filter) by extensions ['colcon_meta']
[1.006s] Level 1:colcon.colcon_core.package_identification:_identify(src/imu_tools/imu_complementary_filter) by extension 'colcon_meta'
[1.006s] Level 1:colcon.colcon_core.package_identification:_identify(src/imu_tools/imu_complementary_filter) by extensions ['ros']
[1.006s] Level 1:colcon.colcon_core.package_identification:_identify(src/imu_tools/imu_complementary_filter) by extension 'ros'
[1.007s] DEBUG:colcon.colcon_core.package_identification:Package 'src/imu_tools/imu_complementary_filter' with type 'ros.ament_cmake' and name 'imu_complementary_filter'
[1.007s] Level 1:colcon.colcon_core.package_identification:_identify(src/imu_tools/imu_filter_madgwick) by extensions ['ignore', 'ignore_ament_install']
[1.007s] Level 1:colcon.colcon_core.package_identification:_identify(src/imu_tools/imu_filter_madgwick) by extension 'ignore'
[1.007s] Level 1:colcon.colcon_core.package_identification:_identify(src/imu_tools/imu_filter_madgwick) by extension 'ignore_ament_install'
[1.007s] Level 1:colcon.colcon_core.package_identification:_identify(src/imu_tools/imu_filter_madgwick) by extensions ['colcon_pkg']
[1.007s] Level 1:colcon.colcon_core.package_identification:_identify(src/imu_tools/imu_filter_madgwick) by extension 'colcon_pkg'
[1.007s] Level 1:colcon.colcon_core.package_identification:_identify(src/imu_tools/imu_filter_madgwick) by extensions ['colcon_meta']
[1.007s] Level 1:colcon.colcon_core.package_identification:_identify(src/imu_tools/imu_filter_madgwick) by extension 'colcon_meta'
[1.007s] Level 1:colcon.colcon_core.package_identification:_identify(src/imu_tools/imu_filter_madgwick) by extensions ['ros']
[1.007s] Level 1:colcon.colcon_core.package_identification:_identify(src/imu_tools/imu_filter_madgwick) by extension 'ros'
[1.009s] DEBUG:colcon.colcon_core.package_identification:Package 'src/imu_tools/imu_filter_madgwick' with type 'ros.ament_cmake' and name 'imu_filter_madgwick'
[1.009s] Level 1:colcon.colcon_core.package_identification:_identify(src/imu_tools/imu_tools) by extensions ['ignore', 'ignore_ament_install']
[1.009s] Level 1:colcon.colcon_core.package_identification:_identify(src/imu_tools/imu_tools) by extension 'ignore'
[1.009s] Level 1:colcon.colcon_core.package_identification:_identify(src/imu_tools/imu_tools) by extension 'ignore_ament_install'
[1.009s] Level 1:colcon.colcon_core.package_identification:_identify(src/imu_tools/imu_tools) by extensions ['colcon_pkg']
[1.009s] Level 1:colcon.colcon_core.package_identification:_identify(src/imu_tools/imu_tools) by extension 'colcon_pkg'
[1.009s] Level 1:colcon.colcon_core.package_identification:_identify(src/imu_tools/imu_tools) by extensions ['colcon_meta']
[1.009s] Level 1:colcon.colcon_core.package_identification:_identify(src/imu_tools/imu_tools) by extension 'colcon_meta'
[1.009s] Level 1:colcon.colcon_core.package_identification:_identify(src/imu_tools/imu_tools) by extensions ['ros']
[1.009s] Level 1:colcon.colcon_core.package_identification:_identify(src/imu_tools/imu_tools) by extension 'ros'
[1.009s] DEBUG:colcon.colcon_core.package_identification:Package 'src/imu_tools/imu_tools' with type 'ros.ament_cmake' and name 'imu_tools'
[1.010s] Level 1:colcon.colcon_core.package_identification:_identify(src/imu_tools/rviz_imu_plugin) by extensions ['ignore', 'ignore_ament_install']
[1.010s] Level 1:colcon.colcon_core.package_identification:_identify(src/imu_tools/rviz_imu_plugin) by extension 'ignore'
[1.010s] Level 1:colcon.colcon_core.package_identification:_identify(src/imu_tools/rviz_imu_plugin) by extension 'ignore_ament_install'
[1.010s] Level 1:colcon.colcon_core.package_identification:_identify(src/imu_tools/rviz_imu_plugin) by extensions ['colcon_pkg']
[1.010s] Level 1:colcon.colcon_core.package_identification:_identify(src/imu_tools/rviz_imu_plugin) by extension 'colcon_pkg'
[1.010s] Level 1:colcon.colcon_core.package_identification:_identify(src/imu_tools/rviz_imu_plugin) by extensions ['colcon_meta']
[1.010s] Level 1:colcon.colcon_core.package_identification:_identify(src/imu_tools/rviz_imu_plugin) by extension 'colcon_meta'
[1.010s] Level 1:colcon.colcon_core.package_identification:_identify(src/imu_tools/rviz_imu_plugin) by extensions ['ros']
[1.010s] Level 1:colcon.colcon_core.package_identification:_identify(src/imu_tools/rviz_imu_plugin) by extension 'ros'
[1.011s] DEBUG:colcon.colcon_core.package_identification:Package 'src/imu_tools/rviz_imu_plugin' with type 'ros.ament_cmake' and name 'rviz_imu_plugin'
[1.011s] Level 1:colcon.colcon_core.package_identification:_identify(src/slam_bringup) by extensions ['ignore', 'ignore_ament_install']
[1.011s] Level 1:colcon.colcon_core.package_identification:_identify(src/slam_bringup) by extension 'ignore'
[1.011s] Level 1:colcon.colcon_core.package_identification:_identify(src/slam_bringup) by extension 'ignore_ament_install'
[1.011s] Level 1:colcon.colcon_core.package_identification:_identify(src/slam_bringup) by extensions ['colcon_pkg']
[1.011s] Level 1:colcon.colcon_core.package_identification:_identify(src/slam_bringup) by extension 'colcon_pkg'
[1.011s] Level 1:colcon.colcon_core.package_identification:_identify(src/slam_bringup) by extensions ['colcon_meta']
[1.011s] Level 1:colcon.colcon_core.package_identification:_identify(src/slam_bringup) by extension 'colcon_meta'
[1.011s] Level 1:colcon.colcon_core.package_identification:_identify(src/slam_bringup) by extensions ['ros']
[1.011s] Level 1:colcon.colcon_core.package_identification:_identify(src/slam_bringup) by extension 'ros'
[1.012s] DEBUG:colcon.colcon_core.package_identification:Package 'src/slam_bringup' with type 'ros.ament_cmake' and name 'slam_bringup'
[1.012s] Level 1:colcon.colcon_core.package_identification:_identify(src/slam_fusion) by extensions ['ignore', 'ignore_ament_install']
[1.012s] Level 1:colcon.colcon_core.package_identification:_identify(src/slam_fusion) by extension 'ignore'
[1.012s] Level 1:colcon.colcon_core.package_identification:_identify(src/slam_fusion) by extension 'ignore_ament_install'
[1.012s] Level 1:colcon.colcon_core.package_identification:_identify(src/slam_fusion) by extensions ['colcon_pkg']
[1.012s] Level 1:colcon.colcon_core.package_identification:_identify(src/slam_fusion) by extension 'colcon_pkg'
[1.012s] Level 1:colcon.colcon_core.package_identification:_identify(src/slam_fusion) by extensions ['colcon_meta']
[1.012s] Level 1:colcon.colcon_core.package_identification:_identify(src/slam_fusion) by extension 'colcon_meta'
[1.012s] Level 1:colcon.colcon_core.package_identification:_identify(src/slam_fusion) by extensions ['ros']
[1.012s] Level 1:colcon.colcon_core.package_identification:_identify(src/slam_fusion) by extension 'ros'
[1.013s] DEBUG:colcon.colcon_core.package_identification:Package 'src/slam_fusion' with type 'ros.ament_python' and name 'slam_fusion'
[1.013s] Level 1:colcon.colcon_core.package_identification:_identify(src/slam_landmarks) by extensions ['ignore', 'ignore_ament_install']
[1.013s] Level 1:colcon.colcon_core.package_identification:_identify(src/slam_landmarks) by extension 'ignore'
[1.013s] Level 1:colcon.colcon_core.package_identification:_identify(src/slam_landmarks) by extension 'ignore_ament_install'
[1.013s] Level 1:colcon.colcon_core.package_identification:_identify(src/slam_landmarks) by extensions ['colcon_pkg']
[1.014s] Level 1:colcon.colcon_core.package_identification:_identify(src/slam_landmarks) by extension 'colcon_pkg'
[1.014s] Level 1:colcon.colcon_core.package_identification:_identify(src/slam_landmarks) by extensions ['colcon_meta']
[1.014s] Level 1:colcon.colcon_core.package_identification:_identify(src/slam_landmarks) by extension 'colcon_meta'
[1.014s] Level 1:colcon.colcon_core.package_identification:_identify(src/slam_landmarks) by extensions ['ros']
[1.014s] Level 1:colcon.colcon_core.package_identification:_identify(src/slam_landmarks) by extension 'ros'
[1.014s] DEBUG:colcon.colcon_core.package_identification:Package 'src/slam_landmarks' with type 'ros.ament_python' and name 'slam_landmarks'
[1.015s] Level 1:colcon.colcon_core.package_identification:_identify(src/slam_sensors) by extensions ['ignore', 'ignore_ament_install']
[1.015s] Level 1:colcon.colcon_core.package_identification:_identify(src/slam_sensors) by extension 'ignore'
[1.015s] Level 1:colcon.colcon_core.package_identification:_identify(src/slam_sensors) by extension 'ignore_ament_install'
[1.015s] Level 1:colcon.colcon_core.package_identification:_identify(src/slam_sensors) by extensions ['colcon_pkg']
[1.015s] Level 1:colcon.colcon_core.package_identification:_identify(src/slam_sensors) by extension 'colcon_pkg'
[1.015s] Level 1:colcon.colcon_core.package_identification:_identify(src/slam_sensors) by extensions ['colcon_meta']
[1.015s] Level 1:colcon.colcon_core.package_identification:_identify(src/slam_sensors) by extension 'colcon_meta'
[1.015s] Level 1:colcon.colcon_core.package_identification:_identify(src/slam_sensors) by extensions ['ros']
[1.015s] Level 1:colcon.colcon_core.package_identification:_identify(src/slam_sensors) by extension 'ros'
[1.016s] DEBUG:colcon.colcon_core.package_identification:Package 'src/slam_sensors' with type 'ros.ament_python' and name 'slam_sensors'
[1.016s] Level 1:colcon.colcon_core.package_identification:_identify(src/vision_msgs) by extensions ['ignore', 'ignore_ament_install']
[1.016s] Level 1:colcon.colcon_core.package_identification:_identify(src/vision_msgs) by extension 'ignore'
[1.016s] Level 1:colcon.colcon_core.package_identification:_identify(src/vision_msgs) by extension 'ignore_ament_install'
[1.016s] Level 1:colcon.colcon_core.package_identification:_identify(src/vision_msgs) by extensions ['colcon_pkg']
[1.016s] Level 1:colcon.colcon_core.package_identification:_identify(src/vision_msgs) by extension 'colcon_pkg'
[1.016s] Level 1:colcon.colcon_core.package_identification:_identify(src/vision_msgs) by extensions ['colcon_meta']
[1.016s] Level 1:colcon.colcon_core.package_identification:_identify(src/vision_msgs) by extension 'colcon_meta'
[1.016s] Level 1:colcon.colcon_core.package_identification:_identify(src/vision_msgs) by extensions ['ros']
[1.016s] Level 1:colcon.colcon_core.package_identification:_identify(src/vision_msgs) by extension 'ros'
[1.016s] Level 1:colcon.colcon_core.package_identification:_identify(src/vision_msgs) by extensions ['cmake', 'python']
[1.016s] Level 1:colcon.colcon_core.package_identification:_identify(src/vision_msgs) by extension 'cmake'
[1.016s] Level 1:colcon.colcon_core.package_identification:_identify(src/vision_msgs) by extension 'python'
[1.016s] Level 1:colcon.colcon_core.package_identification:_identify(src/vision_msgs) by extensions ['python_setup_py']
[1.016s] Level 1:colcon.colcon_core.package_identification:_identify(src/vision_msgs) by extension 'python_setup_py'
[1.016s] Level 1:colcon.colcon_core.package_identification:_identify(src/vision_msgs/vision_msgs) by extensions ['ignore', 'ignore_ament_install']
[1.016s] Level 1:colcon.colcon_core.package_identification:_identify(src/vision_msgs/vision_msgs) by extension 'ignore'
[1.016s] Level 1:colcon.colcon_core.package_identification:_identify(src/vision_msgs/vision_msgs) by extension 'ignore_ament_install'
[1.016s] Level 1:colcon.colcon_core.package_identification:_identify(src/vision_msgs/vision_msgs) by extensions ['colcon_pkg']
[1.016s] Level 1:colcon.colcon_core.package_identification:_identify(src/vision_msgs/vision_msgs) by extension 'colcon_pkg'
[1.017s] Level 1:colcon.colcon_core.package_identification:_identify(src/vision_msgs/vision_msgs) by extensions ['colcon_meta']
[1.017s] Level 1:colcon.colcon_core.package_identification:_identify(src/vision_msgs/vision_msgs) by extension 'colcon_meta'
[1.017s] Level 1:colcon.colcon_core.package_identification:_identify(src/vision_msgs/vision_msgs) by extensions ['ros']
[1.017s] Level 1:colcon.colcon_core.package_identification:_identify(src/vision_msgs/vision_msgs) by extension 'ros'
[1.017s] DEBUG:colcon.colcon_core.package_identification:Package 'src/vision_msgs/vision_msgs' with type 'ros.ament_cmake' and name 'vision_msgs'
[1.017s] Level 1:colcon.colcon_core.package_identification:_identify(src/vision_msgs/vision_msgs_rviz_plugins) by extensions ['ignore', 'ignore_ament_install']
[1.017s] Level 1:colcon.colcon_core.package_identification:_identify(src/vision_msgs/vision_msgs_rviz_plugins) by extension 'ignore'
[1.018s] Level 1:colcon.colcon_core.package_identification:_identify(src/vision_msgs/vision_msgs_rviz_plugins) by extension 'ignore_ament_install'
[1.018s] Level 1:colcon.colcon_core.package_identification:_identify(src/vision_msgs/vision_msgs_rviz_plugins) by extensions ['colcon_pkg']
[1.018s] Level 1:colcon.colcon_core.package_identification:_identify(src/vision_msgs/vision_msgs_rviz_plugins) by extension 'colcon_pkg'
[1.018s] Level 1:colcon.colcon_core.package_identification:_identify(src/vision_msgs/vision_msgs_rviz_plugins) by extensions ['colcon_meta']
[1.018s] Level 1:colcon.colcon_core.package_identification:_identify(src/vision_msgs/vision_msgs_rviz_plugins) by extension 'colcon_meta'
[1.018s] Level 1:colcon.colcon_core.package_identification:_identify(src/vision_msgs/vision_msgs_rviz_plugins) by extensions ['ros']
[1.018s] Level 1:colcon.colcon_core.package_identification:_identify(src/vision_msgs/vision_msgs_rviz_plugins) by extension 'ros'
[1.019s] DEBUG:colcon.colcon_core.package_identification:Package 'src/vision_msgs/vision_msgs_rviz_plugins' with type 'ros.ament_cmake' and name 'vision_msgs_rviz_plugins'
[1.019s] Level 1:colcon.colcon_core.package_identification:_identify(src/vision_opencv) by extensions ['ignore', 'ignore_ament_install']
[1.019s] Level 1:colcon.colcon_core.package_identification:_identify(src/vision_opencv) by extension 'ignore'
[1.019s] Level 1:colcon.colcon_core.package_identification:_identify(src/vision_opencv) by extension 'ignore_ament_install'
[1.019s] Level 1:colcon.colcon_core.package_identification:_identify(src/vision_opencv) by extensions ['colcon_pkg']
[1.019s] Level 1:colcon.colcon_core.package_identification:_identify(src/vision_opencv) by extension 'colcon_pkg'
[1.019s] Level 1:colcon.colcon_core.package_identification:_identify(src/vision_opencv) by extensions ['colcon_meta']
[1.019s] Level 1:colcon.colcon_core.package_identification:_identify(src/vision_opencv) by extension 'colcon_meta'
[1.019s] Level 1:colcon.colcon_core.package_identification:_identify(src/vision_opencv) by extensions ['ros']
[1.019s] Level 1:colcon.colcon_core.package_identification:_identify(src/vision_opencv) by extension 'ros'
[1.019s] Level 1:colcon.colcon_core.package_identification:_identify(src/vision_opencv) by extensions ['cmake', 'python']
[1.019s] Level 1:colcon.colcon_core.package_identification:_identify(src/vision_opencv) by extension 'cmake'
[1.019s] Level 1:colcon.colcon_core.package_identification:_identify(src/vision_opencv) by extension 'python'
[1.019s] Level 1:colcon.colcon_core.package_identification:_identify(src/vision_opencv) by extensions ['python_setup_py']
[1.020s] Level 1:colcon.colcon_core.package_identification:_identify(src/vision_opencv) by extension 'python_setup_py'
[1.020s] Level 1:colcon.colcon_core.package_identification:_identify(src/vision_opencv/cv_bridge) by extensions ['ignore', 'ignore_ament_install']
[1.020s] Level 1:colcon.colcon_core.package_identification:_identify(src/vision_opencv/cv_bridge) by extension 'ignore'
[1.020s] Level 1:colcon.colcon_core.package_identification:_identify(src/vision_opencv/cv_bridge) by extension 'ignore_ament_install'
[1.020s] Level 1:colcon.colcon_core.package_identification:_identify(src/vision_opencv/cv_bridge) by extensions ['colcon_pkg']
[1.020s] Level 1:colcon.colcon_core.package_identification:_identify(src/vision_opencv/cv_bridge) by extension 'colcon_pkg'
[1.020s] Level 1:colcon.colcon_core.package_identification:_identify(src/vision_opencv/cv_bridge) by extensions ['colcon_meta']
[1.020s] Level 1:colcon.colcon_core.package_identification:_identify(src/vision_opencv/cv_bridge) by extension 'colcon_meta'
[1.020s] Level 1:colcon.colcon_core.package_identification:_identify(src/vision_opencv/cv_bridge) by extensions ['ros']
[1.020s] Level 1:colcon.colcon_core.package_identification:_identify(src/vision_opencv/cv_bridge) by extension 'ros'
[1.021s] DEBUG:colcon.colcon_core.package_identification:Package 'src/vision_opencv/cv_bridge' with type 'ros.ament_cmake' and name 'cv_bridge'
[1.021s] Level 1:colcon.colcon_core.package_identification:_identify(src/vision_opencv/image_geometry) by extensions ['ignore', 'ignore_ament_install']
[1.021s] Level 1:colcon.colcon_core.package_identification:_identify(src/vision_opencv/image_geometry) by extension 'ignore'
[1.021s] Level 1:colcon.colcon_core.package_identification:_identify(src/vision_opencv/image_geometry) by extension 'ignore_ament_install'
[1.021s] Level 1:colcon.colcon_core.package_identification:_identify(src/vision_opencv/image_geometry) by extensions ['colcon_pkg']
[1.021s] Level 1:colcon.colcon_core.package_identification:_identify(src/vision_opencv/image_geometry) by extension 'colcon_pkg'
[1.021s] Level 1:colcon.colcon_core.package_identification:_identify(src/vision_opencv/image_geometry) by extensions ['colcon_meta']
[1.021s] Level 1:colcon.colcon_core.package_identification:_identify(src/vision_opencv/image_geometry) by extension 'colcon_meta'
[1.021s] Level 1:colcon.colcon_core.package_identification:_identify(src/vision_opencv/image_geometry) by extensions ['ros']
[1.021s] Level 1:colcon.colcon_core.package_identification:_identify(src/vision_opencv/image_geometry) by extension 'ros'
[1.022s] DEBUG:colcon.colcon_core.package_identification:Package 'src/vision_opencv/image_geometry' with type 'ros.ament_cmake' and name 'image_geometry'
[1.022s] Level 1:colcon.colcon_core.package_identification:_identify(src/vision_opencv/opencv_tests) by extensions ['ignore', 'ignore_ament_install']
[1.022s] Level 1:colcon.colcon_core.package_identification:_identify(src/vision_opencv/opencv_tests) by extension 'ignore'
[1.022s] Level 1:colcon.colcon_core.package_identification:_identify(src/vision_opencv/opencv_tests) by extension 'ignore_ament_install'
[1.022s] Level 1:colcon.colcon_core.package_identification:_identify(src/vision_opencv/opencv_tests) by extensions ['colcon_pkg']
[1.022s] Level 1:colcon.colcon_core.package_identification:_identify(src/vision_opencv/opencv_tests) by extension 'colcon_pkg'
[1.022s] Level 1:colcon.colcon_core.package_identification:_identify(src/vision_opencv/opencv_tests) by extensions ['colcon_meta']
[1.022s] Level 1:colcon.colcon_core.package_identification:_identify(src/vision_opencv/opencv_tests) by extension 'colcon_meta'
[1.022s] Level 1:colcon.colcon_core.package_identification:_identify(src/vision_opencv/opencv_tests) by extensions ['ros']
[1.022s] Level 1:colcon.colcon_core.package_identification:_identify(src/vision_opencv/opencv_tests) by extension 'ros'
[1.023s] DEBUG:colcon.colcon_core.package_identification:Package 'src/vision_opencv/opencv_tests' with type 'ros.ament_python' and name 'opencv_tests'
[1.023s] Level 1:colcon.colcon_core.package_identification:_identify(src/vision_opencv/vision_opencv) by extensions ['ignore', 'ignore_ament_install']
[1.023s] Level 1:colcon.colcon_core.package_identification:_identify(src/vision_opencv/vision_opencv) by extension 'ignore'
[1.023s] Level 1:colcon.colcon_core.package_identification:_identify(src/vision_opencv/vision_opencv) by extension 'ignore_ament_install'
[1.023s] Level 1:colcon.colcon_core.package_identification:_identify(src/vision_opencv/vision_opencv) by extensions ['colcon_pkg']
[1.023s] Level 1:colcon.colcon_core.package_identification:_identify(src/vision_opencv/vision_opencv) by extension 'colcon_pkg'
[1.023s] Level 1:colcon.colcon_core.package_identification:_identify(src/vision_opencv/vision_opencv) by extensions ['colcon_meta']
[1.023s] Level 1:colcon.colcon_core.package_identification:_identify(src/vision_opencv/vision_opencv) by extension 'colcon_meta'
[1.023s] Level 1:colcon.colcon_core.package_identification:_identify(src/vision_opencv/vision_opencv) by extensions ['ros']
[1.023s] Level 1:colcon.colcon_core.package_identification:_identify(src/vision_opencv/vision_opencv) by extension 'ros'
[1.024s] DEBUG:colcon.colcon_core.package_identification:Package 'src/vision_opencv/vision_opencv' with type 'ros.ament_cmake' and name 'vision_opencv'
[1.024s] Level 1:colcon.colcon_core.package_discovery:discover_packages(recursive) using defaults
[1.024s] Level 1:colcon.colcon_core.package_discovery:discover_packages(ignore) discover
[1.024s] Level 1:colcon.colcon_core.package_discovery:discover_packages(ignore) using defaults
[1.024s] Level 1:colcon.colcon_core.package_discovery:discover_packages(path) discover
[1.024s] Level 1:colcon.colcon_core.package_discovery:discover_packages(path) using defaults
[1.090s] INFO:colcon.colcon_core.package_selection:Skipping not selected package 'camera_calibration_parsers' in 'src/image_common/camera_calibration_parsers'
[1.090s] INFO:colcon.colcon_core.package_selection:Skipping not selected package 'camera_info_manager_py' in 'src/image_common/camera_info_manager_py'
[1.090s] INFO:colcon.colcon_core.package_selection:Skipping not selected package 'cv_bridge' in 'src/vision_opencv/cv_bridge'
[1.090s] INFO:colcon.colcon_core.package_selection:Skipping not selected package 'image_geometry' in 'src/vision_opencv/image_geometry'
[1.090s] INFO:colcon.colcon_core.package_selection:Skipping not selected package 'image_transport' in 'src/image_common/image_transport'
[1.090s] INFO:colcon.colcon_core.package_selection:Skipping not selected package 'imu_complementary_filter' in 'src/imu_tools/imu_complementary_filter'
[1.090s] INFO:colcon.colcon_core.package_selection:Skipping not selected package 'imu_filter_madgwick' in 'src/imu_tools/imu_filter_madgwick'
[1.090s] INFO:colcon.colcon_core.package_selection:Skipping not selected package 'rviz_imu_plugin' in 'src/imu_tools/rviz_imu_plugin'
[1.090s] INFO:colcon.colcon_core.package_selection:Skipping not selected package 'slam_fusion' in 'src/slam_fusion'
[1.090s] INFO:colcon.colcon_core.package_selection:Skipping not selected package 'vision_msgs' in 'src/vision_msgs/vision_msgs'
[1.090s] INFO:colcon.colcon_core.package_selection:Skipping not selected package 'camera_info_manager' in 'src/image_common/camera_info_manager'
[1.090s] INFO:colcon.colcon_core.package_selection:Skipping not selected package 'imu_tools' in 'src/imu_tools/imu_tools'
[1.090s] INFO:colcon.colcon_core.package_selection:Skipping not selected package 'opencv_tests' in 'src/vision_opencv/opencv_tests'
[1.090s] INFO:colcon.colcon_core.package_selection:Skipping not selected package 'slam_sensors' in 'src/slam_sensors'
[1.091s] INFO:colcon.colcon_core.package_selection:Skipping not selected package 'vision_msgs_rviz_plugins' in 'src/vision_msgs/vision_msgs_rviz_plugins'
[1.091s] INFO:colcon.colcon_core.package_selection:Skipping not selected package 'vision_opencv' in 'src/vision_opencv/vision_opencv'
[1.091s] INFO:colcon.colcon_core.package_selection:Skipping not selected package 'image_common' in 'src/image_common/image_common'
[1.091s] INFO:colcon.colcon_core.package_selection:Skipping not selected package 'slam_bringup' in 'src/slam_bringup'
[1.091s] Level 5:colcon.colcon_core.verb:set package 'slam_landmarks' build argument 'cmake_args' from command line to 'None'
[1.091s] Level 5:colcon.colcon_core.verb:set package 'slam_landmarks' build argument 'cmake_target' from command line to 'None'
[1.091s] Level 5:colcon.colcon_core.verb:set package 'slam_landmarks' build argument 'cmake_target_skip_unavailable' from command line to 'False'
[1.091s] Level 5:colcon.colcon_core.verb:set package 'slam_landmarks' build argument 'cmake_clean_cache' from command line to 'False'
[1.091s] Level 5:colcon.colcon_core.verb:set package 'slam_landmarks' build argument 'cmake_clean_first' from command line to 'False'
[1.091s] Level 5:colcon.colcon_core.verb:set package 'slam_landmarks' build argument 'cmake_force_configure' from command line to 'False'
[1.091s] Level 5:colcon.colcon_core.verb:set package 'slam_landmarks' build argument 'ament_cmake_args' from command line to 'None'
[1.091s] Level 5:colcon.colcon_core.verb:set package 'slam_landmarks' build argument 'catkin_cmake_args' from command line to 'None'
[1.091s] Level 5:colcon.colcon_core.verb:set package 'slam_landmarks' build argument 'catkin_skip_building_tests' from command line to 'False'
[1.091s] DEBUG:colcon.colcon_core.verb:Building package 'slam_landmarks' with the following arguments: {'ament_cmake_args': None, 'build_base': '/home/stargate/slam_ws/build/slam_landmarks', 'catkin_cmake_args': None, 'catkin_skip_building_tests': False, 'cmake_args': None, 'cmake_clean_cache': False, 'cmake_clean_first': False, 'cmake_force_configure': False, 'cmake_target': None, 'cmake_target_skip_unavailable': False, 'install_base': '/home/stargate/slam_ws/install/slam_landmarks', 'merge_install': False, 'path': '/home/stargate/slam_ws/src/slam_landmarks', 'symlink_install': True, 'test_result_base': None}
[1.092s] INFO:colcon.colcon_core.executor:Executing jobs using 'parallel' executor
[1.093s] DEBUG:colcon.colcon_parallel_executor.executor.parallel:run_until_complete
[1.094s] INFO:colcon.colcon_ros.task.ament_python.build:Building ROS package in '/home/stargate/slam_ws/src/slam_landmarks' with build type 'ament_python'
[1.094s] Level 1:colcon.colcon_core.shell:create_environment_hook('slam_landmarks', 'ament_prefix_path')
[1.104s] INFO:colcon.colcon_core.plugin_system:Skipping extension 'colcon_core.shell.bat': Not used on non-Windows systems
[1.104s] INFO:colcon.colcon_core.shell:Creating environment hook '/home/stargate/slam_ws/install/slam_landmarks/share/slam_landmarks/hook/ament_prefix_path.ps1'
[1.105s] INFO:colcon.colcon_core.shell:Creating environment descriptor '/home/stargate/slam_ws/install/slam_landmarks/share/slam_landmarks/hook/ament_prefix_path.dsv'
[1.113s] INFO:colcon.colcon_core.shell:Creating environment hook '/home/stargate/slam_ws/install/slam_landmarks/share/slam_landmarks/hook/ament_prefix_path.sh'
[1.115s] INFO:colcon.colcon_core.shell:Skip shell extension 'powershell' for command environment: Not usable outside of PowerShell
[1.115s] DEBUG:colcon.colcon_core.shell:Skip shell extension 'dsv' for command environment
[1.120s] WARNING:colcon.colcon_ros.prefix_path.ament:The path '/home/stargate/slam_ws/install/imu_tools' in the environment variable AMENT_PREFIX_PATH doesn't exist
[1.120s] WARNING:colcon.colcon_ros.prefix_path.ament:The path '/home/stargate/slam_ws/install/rviz_imu_plugin' in the environment variable AMENT_PREFIX_PATH doesn't exist
[1.120s] WARNING:colcon.colcon_ros.prefix_path.ament:The path '/home/stargate/slam_ws/install/image_transport' in the environment variable AMENT_PREFIX_PATH doesn't exist
[1.121s] WARNING:colcon.colcon_ros.prefix_path.ament:The path '/home/stargate/slam_ws/install/vision_opencv' in the environment variable AMENT_PREFIX_PATH doesn't exist
[1.121s] WARNING:colcon.colcon_ros.prefix_path.ament:The path '/home/stargate/slam_ws/install/opencv_tests' in the environment variable AMENT_PREFIX_PATH doesn't exist
[1.121s] WARNING:colcon.colcon_ros.prefix_path.ament:The path '/home/stargate/slam_ws/install/imu_complementary_filter' in the environment variable AMENT_PREFIX_PATH doesn't exist
[1.121s] WARNING:colcon.colcon_ros.prefix_path.ament:The path '/home/stargate/slam_ws/install/camera_info_manager_py' in the environment variable AMENT_PREFIX_PATH doesn't exist
[1.121s] WARNING:colcon.colcon_ros.prefix_path.ament:The path '/home/stargate/slam_ws/install/camera_info_manager' in the environment variable AMENT_PREFIX_PATH doesn't exist
[1.121s] WARNING:colcon.colcon_ros.prefix_path.ament:The path '/home/stargate/slam_ws/install/camera_calibration_parsers' in the environment variable AMENT_PREFIX_PATH doesn't exist
[1.132s] WARNING:colcon.colcon_ros.prefix_path.catkin:The path '/home/stargate/slam_ws/install/imu_tools' in the environment variable CMAKE_PREFIX_PATH doesn't exist
[1.133s] WARNING:colcon.colcon_ros.prefix_path.catkin:The path '/home/stargate/slam_ws/install/rviz_imu_plugin' in the environment variable CMAKE_PREFIX_PATH doesn't exist
[1.133s] WARNING:colcon.colcon_ros.prefix_path.catkin:The path '/home/stargate/slam_ws/install/image_transport' in the environment variable CMAKE_PREFIX_PATH doesn't exist
[1.133s] WARNING:colcon.colcon_ros.prefix_path.catkin:The path '/home/stargate/slam_ws/install/vision_opencv' in the environment variable CMAKE_PREFIX_PATH doesn't exist
[1.133s] WARNING:colcon.colcon_ros.prefix_path.catkin:The path '/home/stargate/slam_ws/install/imu_complementary_filter' in the environment variable CMAKE_PREFIX_PATH doesn't exist
[1.133s] WARNING:colcon.colcon_ros.prefix_path.catkin:The path '/home/stargate/slam_ws/install/camera_info_manager' in the environment variable CMAKE_PREFIX_PATH doesn't exist
[1.133s] WARNING:colcon.colcon_ros.prefix_path.catkin:The path '/home/stargate/slam_ws/install/camera_calibration_parsers' in the environment variable CMAKE_PREFIX_PATH doesn't exist
[2.551s] INFO:colcon.colcon_core.task.python.build:Building Python package in '/home/stargate/slam_ws/src/slam_landmarks'
[2.552s] INFO:colcon.colcon_core.shell:Skip shell extension 'powershell' for command environment: Not usable outside of PowerShell
[2.552s] DEBUG:colcon.colcon_core.shell:Skip shell extension 'dsv' for command environment
[4.899s] DEBUG:colcon.colcon_core.event_handler.log_command:Invoking command in '/home/stargate/slam_ws/build/slam_landmarks': CMAKE_PREFIX_PATH=/home/stargate/slam_ws/install/vision_msgs:/home/stargate/slam_ws/install/cv_bridge:/home/stargate/slam_ws/install/slam_bringup:/home/stargate/slam_ws/install/imu_tools:/home/stargate/slam_ws/install/rviz_imu_plugin:/home/stargate/slam_ws/install/image_transport:/home/stargate/slam_ws/install/vision_opencv:/home/stargate/slam_ws/install/imu_filter_madgwick:/home/stargate/slam_ws/install/imu_complementary_filter:/home/stargate/slam_ws/install/image_geometry:/home/stargate/slam_ws/install/camera_info_manager:/home/stargate/slam_ws/install/camera_calibration_parsers:/home/stargate/ros2_humble/install/rosbag2_storage_mcap:/home/stargate/ros2_humble/install/rosbag2:/home/stargate/ros2_humble/install/rosbag2_compression_zstd:/home/stargate/ros2_humble/install/mcap_vendor:/home/stargate/ros2_humble/install/zstd_vendor:/home/stargate/ros2_humble/install/rviz_visual_testing_framework:/home/stargate/ros2_humble/install/rviz2:/home/stargate/ros2_humble/install/rviz_default_plugins:/home/stargate/ros2_humble/install/rviz_common:/home/stargate/ros2_humble/install/rosbag2_py:/home/stargate/ros2_humble/install/rosbag2_transport:/home/stargate/ros2_humble/install/rosbag2_storage_default_plugins:/home/stargate/ros2_humble/install/rosbag2_performance_benchmarking:/home/stargate/ros2_humble/install/rosbag2_compression:/home/stargate/ros2_humble/install/rosbag2_cpp:/home/stargate/ros2_humble/install/rosbag2_storage:/home/stargate/ros2_humble/install/image_common:/home/stargate/ros2_humble/install/camera_info_manager:/home/stargate/ros2_humble/install/camera_calibration_parsers:/home/stargate/ros2_humble/install/yaml_cpp_vendor:/home/stargate/ros2_humble/install/interactive_markers:/home/stargate/ros2_humble/install/common_interfaces:/home/stargate/ros2_humble/install/visualization_msgs:/home/stargate/ros2_humble/install/dummy_robot_bringup:/home/stargate/ros2_humble/install/robot_state_publisher:/home/stargate/ros2_humble/install/kdl_parser:/home/stargate/ros2_humble/install/urdf:/home/stargate/ros2_humble/install/urdfdom:/home/stargate/ros2_humble/install/urdf_parser_plugin:/home/stargate/ros2_humble/install/urdfdom_headers:/home/stargate/ros2_humble/install/turtlesim:/home/stargate/ros2_humble/install/geometry2:/home/stargate/ros2_humble/install/tf2_sensor_msgs:/home/stargate/ros2_humble/install/test_tf2:/home/stargate/ros2_humble/install/tf2_kdl:/home/stargate/ros2_humble/install/tf2_geometry_msgs:/home/stargate/ros2_humble/install/tf2_eigen:/home/stargate/ros2_humble/install/tf2_bullet:/home/stargate/ros2_humble/install/tf2_ros:/home/stargate/ros2_humble/install/tf2_py:/home/stargate/ros2_humble/install/tf2_msgs:/home/stargate/ros2_humble/install/test_msgs:/home/stargate/ros2_humble/install/sros2_cmake:/home/stargate/ros2_humble/install/ros2cli_common_extensions:/home/stargate/ros2_humble/install/rqt_py_common:/home/stargate/ros2_humble/install/rosbag2_storage_mcap_testdata:/home/stargate/ros2_humble/install/ros_testing:/home/stargate/ros2_humble/install/ros2cli_test_interfaces:/home/stargate/ros2_humble/install/quality_of_service_demo_cpp:/home/stargate/ros2_humble/install/image_transport:/home/stargate/ros2_humble/install/message_filters:/home/stargate/ros2_humble/install/demo_nodes_cpp:/home/stargate/ros2_humble/install/composition:/home/stargate/ros2_humble/install/laser_geometry:/home/stargate/ros2_humble/install/rclpy:/home/stargate/ros2_humble/install/examples_rclcpp_minimal_action_server:/home/stargate/ros2_humble/install/examples_rclcpp_minimal_action_client:/home/stargate/ros2_humble/install/action_tutorials_cpp:/home/stargate/ros2_humble/install/rclcpp_action:/home/stargate/ros2_humble/install/rcl_action:/home/stargate/ros2_humble/install/examples_rclcpp_wait_set:/home/stargate/ros2_humble/install/examples_rclcpp_minimal_service:/home/stargate/ros2_humble/install/examples_rclcpp_minimal_client:/home/stargate/ros2_humble/install/examples_rclcpp_async_client:/home/stargate/ros2_humble/install/example_interfaces:/home/stargate/ros2_humble/install/action_tutorials_interfaces:/home/stargate/ros2_humble/install/action_msgs:/home/stargate/ros2_humble/install/unique_identifier_msgs:/home/stargate/ros2_humble/install/ament_lint_common:/home/stargate/ros2_humble/install/ament_cmake_uncrustify:/home/stargate/ros2_humble/install/uncrustify_vendor:/home/stargate/ros2_humble/install/trajectory_msgs:/home/stargate/ros2_humble/install/topic_statistics_demo:/home/stargate/ros2_humble/install/pendulum_control:/home/stargate/ros2_humble/install/tlsf_cpp:/home/stargate/ros2_humble/install/test_tracetools:/home/stargate/ros2_humble/install/rqt_gui_cpp:/home/stargate/ros2_humble/install/rosbag2_test_common:/home/stargate/ros2_humble/install/ros2lifecycle_test_fixtures:/home/stargate/ros2_humble/install/lifecycle:/home/stargate/ros2_humble/install/rclcpp_lifecycle:/home/stargate/ros2_humble/install/logging_demo:/home/stargate/ros2_humble/install/image_tools:/home/stargate/ros2_humble/install/examples_rclcpp_minimal_subscriber:/home/stargate/ros2_humble/install/examples_rclcpp_minimal_composition:/home/stargate/ros2_humble/install/demo_nodes_cpp_native:/home/stargate/ros2_humble/install/rclcpp_components:/home/stargate/ros2_humble/install/intra_process_demo:/home/stargate/ros2_humble/install/examples_rclcpp_multithreaded_executor:/home/stargate/ros2_humble/install/examples_rclcpp_minimal_timer:/home/stargate/ros2_humble/install/examples_rclcpp_minimal_publisher:/home/stargate/ros2_humble/install/examples_rclcpp_cbg_executor:/home/stargate/ros2_humble/install/dummy_sensors:/home/stargate/ros2_humble/install/dummy_map_server:/home/stargate/ros2_humble/install/rclcpp:/home/stargate/ros2_humble/install/rcl_lifecycle:/home/stargate/ros2_humble/install/libstatistics_collector:/home/stargate/ros2_humble/install/rcl:/home/stargate/ros2_humble/install/rmw_implementation:/home/stargate/ros2_humble/install/rmw_fastrtps_dynamic_cpp:/home/stargate/ros2_humble/install/rmw_fastrtps_cpp:/home/stargate/ros2_humble/install/rmw_fastrtps_shared_cpp:/home/stargate/ros2_humble/install/rmw_cyclonedds_cpp:/home/stargate/ros2_humble/install/tracetools:/home/stargate/ros2_humble/install/tlsf:/home/stargate/ros2_humble/install/tinyxml_vendor:/home/stargate/ros2_humble/install/qt_gui_core:/home/stargate/ros2_humble/install/qt_gui_cpp:/home/stargate/ros2_humble/install/pluginlib:/home/stargate/ros2_humble/install/tinyxml2_vendor:/home/stargate/ros2_humble/install/tf2_eigen_kdl:/home/stargate/ros2_humble/install/tf2:/home/stargate/ros2_humble/install/test_security:/home/stargate/ros2_humble/install/test_rmw_implementation:/home/stargate/ros2_humble/install/test_rclcpp:/home/stargate/ros2_humble/install/test_quality_of_service:/home/stargate/ros2_humble/install/test_launch_testing:/home/stargate/ros2_humble/install/test_interface_files:/home/stargate/ros2_humble/install/test_communication:/home/stargate/ros2_humble/install/test_cli_remapping:/home/stargate/ros2_humble/install/test_cli:/home/stargate/ros2_humble/install/qt_gui_app:/home/stargate/ros2_humble/install/qt_gui:/home/stargate/ros2_humble/install/tango_icons_vendor:/home/stargate/ros2_humble/install/stereo_msgs:/home/stargate/ros2_humble/install/std_srvs:/home/stargate/ros2_humble/install/shape_msgs:/home/stargate/ros2_humble/install/map_msgs:/home/stargate/ros2_humble/install/sensor_msgs:/home/stargate/ros2_humble/install/nav_msgs:/home/stargate/ros2_humble/install/diagnostic_msgs:/home/stargate/ros2_humble/install/geometry_msgs:/home/stargate/ros2_humble/install/actionlib_msgs:/home/stargate/ros2_humble/install/std_msgs:/home/stargate/ros2_humble/install/statistics_msgs:/home/stargate/ros2_humble/install/sqlite3_vendor:/home/stargate/ros2_humble/install/rcl_logging_spdlog:/home/stargate/ros2_humble/install/spdlog_vendor:/home/stargate/ros2_humble/install/shared_queues_vendor:/home/stargate/ros2_humble/install/rviz_rendering_tests:/home/stargate/ros2_humble/install/rviz_rendering:/home/stargate/ros2_humble/install/rviz_ogre_vendor:/home/stargate/ros2_humble/install/rviz_assimp_vendor:/home/stargate/ros2_humble/install/rttest:/home/stargate/ros2_humble/install/rmw_connextddsmicro:/home/stargate/ros2_humble/install/rmw_connextdds:/home/stargate/ros2_humble/install/rmw_connextdds_common:/home/stargate/ros2_humble/install/rti_connext_dds_cmake_module:/home/stargate/ros2_humble/install/rosgraph_msgs:/home/stargate/ros2_humble/install/rosbag2_interfaces:/home/stargate/ros2_humble/install/rmw_dds_common:/home/stargate/ros2_humble/install/composition_interfaces:/home/stargate/ros2_humble/install/rcl_interfaces:/home/stargate/ros2_humble/install/pendulum_msgs:/home/stargate/ros2_humble/install/lifecycle_msgs:/home/stargate/ros2_humble/install/builtin_interfaces:/home/stargate/ros2_humble/install/rosidl_default_runtime:/home/stargate/ros2_humble/install/rosidl_default_generators:/home/stargate/ros2_humble/install/rosidl_generator_py:/home/stargate/ros2_humble/install/rosidl_typesupport_introspection_tests:/home/stargate/ros2_humble/install/rosidl_typesupport_cpp:/home/stargate/ros2_humble/install/rosidl_typesupport_introspection_cpp:/home/stargate/ros2_humble/install/rosidl_typesupport_c:/home/stargate/ros2_humble/install/rosidl_typesupport_introspection_c:/home/stargate/ros2_humble/install/rosidl_typesupport_fastrtps_c:/home/stargate/ros2_humble/install/rosidl_typesupport_fastrtps_cpp:/home/stargate/ros2_humble/install/rosidl_generator_cpp:/home/stargate/ros2_humble/install/rosidl_runtime_cpp:/home/stargate/ros2_humble/install/rcl_yaml_param_parser:/home/stargate/ros2_humble/install/rmw:/home/stargate/ros2_humble/install/rosidl_runtime_c:/home/stargate/ros2_humble/install/rosidl_generator_c:/home/stargate/ros2_humble/install/rosidl_typesupport_interface:/home/stargate/ros2_humble/install/rosidl_generator_dds_idl:/home/stargate/ros2_humble/install/rosidl_cmake:/home/stargate/ros2_humble/install/rosidl_parser:/home/stargate/ros2_humble/install/rosidl_adapter:/home/stargate/ros2_humble/install/rosbag2_tests:/home/stargate/ros2_humble/install/ros_environment:/home/stargate/ros2_humble/install/rmw_implementation_cmake:/home/stargate/ros2_humble/install/resource_retriever:/home/stargate/ros2_humble/install/class_loader:/home/stargate/ros2_humble/install/rcpputils:/home/stargate/ros2_humble/install/rcl_logging_noop:/home/stargate/ros2_humble/install/rcl_logging_interface:/home/stargate/ros2_humble/install/rcutils:/home/stargate/ros2_humble/install/qt_gui_py_common:/home/stargate/ros2_humble/install/qt_dotgraph:/home/stargate/ros2_humble/install/python_qt_binding:/home/stargate/ros2_humble/install/python_orocos_kdl_vendor:/home/stargate/ros2_humble/install/launch_testing_ament_cmake:/home/stargate/ros2_humble/install/python_cmake_module:/home/stargate/ros2_humble/install/pybind11_vendor:/home/stargate/ros2_humble/install/performance_test_fixture:/home/stargate/ros2_humble/install/osrf_testing_tools_cpp:/home/stargate/ros2_humble/install/orocos_kdl_vendor:/home/stargate/ros2_humble/install/mimick_vendor:/home/stargate/ros2_humble/install/libyaml_vendor:/home/stargate/ros2_humble/install/libcurl_vendor:/home/stargate/ros2_humble/install/keyboard_handler:/home/stargate/ros2_humble/install/iceoryx_introspection:/home/stargate/ros2_humble/install/cyclonedds:/home/stargate/ros2_humble/install/iceoryx_posh:/home/stargate/ros2_humble/install/iceoryx_hoofs:/home/stargate/ros2_humble/install/iceoryx_binding_c:/home/stargate/ros2_humble/install/ament_cmake_ros:/home/stargate/ros2_humble/install/ament_cmake_auto:/home/stargate/ros2_humble/install/ament_cmake_gmock:/home/stargate/ros2_humble/install/gmock_vendor:/home/stargate/ros2_humble/install/ament_cmake_gtest:/home/stargate/ros2_humble/install/gtest_vendor:/home/stargate/ros2_humble/install/ament_cmake_google_benchmark:/home/stargate/ros2_humble/install/google_benchmark_vendor:/home/stargate/ros2_humble/install/fastrtps:/home/stargate/ros2_humble/install/foonathan_memory_vendor:/home/stargate/ros2_humble/install/fastrtps_cmake_module:/home/stargate/ros2_humble/install/fastcdr:/home/stargate/ros2_humble/install/eigen3_cmake_module:/home/stargate/ros2_humble/install/console_bridge_vendor:/home/stargate/ros2_humble/install/ament_cmake_xmllint:/home/stargate/ros2_humble/install/ament_cmake_pyflakes:/home/stargate/ros2_humble/install/ament_cmake_pycodestyle:/home/stargate/ros2_humble/install/ament_cmake_pep257:/home/stargate/ros2_humble/install/ament_cmake_pclint:/home/stargate/ros2_humble/install/ament_lint_auto:/home/stargate/ros2_humble/install/ament_cmake:/home/stargate/ros2_humble/install/ament_cmake_version:/home/stargate/ros2_humble/install/ament_cmake_vendor_package:/home/stargate/ros2_humble/install/ament_cmake_pytest:/home/stargate/ros2_humble/install/ament_cmake_nose:/home/stargate/ros2_humble/install/ament_cmake_mypy:/home/stargate/ros2_humble/install/ament_cmake_lint_cmake:/home/stargate/ros2_humble/install/ament_cmake_flake8:/home/stargate/ros2_humble/install/ament_cmake_cpplint:/home/stargate/ros2_humble/install/ament_cmake_cppcheck:/home/stargate/ros2_humble/install/ament_cmake_copyright:/home/stargate/ros2_humble/install/ament_cmake_clang_tidy:/home/stargate/ros2_humble/install/ament_cmake_clang_format:/home/stargate/ros2_humble/install/ament_cmake_test:/home/stargate/ros2_humble/install/ament_cmake_target_dependencies:/home/stargate/ros2_humble/install/ament_cmake_python:/home/stargate/ros2_humble/install/ament_cmake_export_dependencies:/home/stargate/ros2_humble/install/ament_cmake_libraries:/home/stargate/ros2_humble/install/ament_cmake_include_directories:/home/stargate/ros2_humble/install/ament_cmake_gen_version_h:/home/stargate/ros2_humble/install/ament_cmake_export_targets:/home/stargate/ros2_humble/install/ament_cmake_export_link_flags:/home/stargate/ros2_humble/install/ament_cmake_export_interfaces:/home/stargate/ros2_humble/install/ament_cmake_export_libraries:/home/stargate/ros2_humble/install/ament_cmake_export_include_directories:/home/stargate/ros2_humble/install/ament_cmake_export_definitions:/home/stargate/ros2_humble/install/ament_cmake_core:/home/stargate/ros2_humble/install/ament_index_cpp LD_LIBRARY_PATH=/home/stargate/slam_ws/install/vision_msgs/lib:/home/stargate/slam_ws/install/cv_bridge/lib:/home/stargate/slam_ws/install/rviz_imu_plugin/lib:/home/stargate/slam_ws/install/image_transport/lib:/home/stargate/slam_ws/install/imu_filter_madgwick/lib:/home/stargate/slam_ws/install/imu_complementary_filter/lib:/home/stargate/slam_ws/install/image_geometry/lib:/home/stargate/slam_ws/install/camera_info_manager/lib:/home/stargate/slam_ws/install/camera_calibration_parsers/lib:/home/stargate/ros2_humble/install/rosbag2_storage_mcap/lib:/home/stargate/ros2_humble/install/rosbag2_compression_zstd/lib:/home/stargate/ros2_humble/install/mcap_vendor/lib:/home/stargate/ros2_humble/install/rviz_default_plugins/lib:/home/stargate/ros2_humble/install/rviz_common/lib:/home/stargate/ros2_humble/install/rosbag2_transport/lib:/home/stargate/ros2_humble/install/rosbag2_storage_default_plugins/lib:/home/stargate/ros2_humble/install/rosbag2_compression/lib:/home/stargate/ros2_humble/install/rosbag2_cpp/lib:/home/stargate/ros2_humble/install/rosbag2_storage/lib:/home/stargate/ros2_humble/install/camera_info_manager/lib:/home/stargate/ros2_humble/install/camera_calibration_parsers/lib:/home/stargate/ros2_humble/install/interactive_markers/lib:/home/stargate/ros2_humble/install/visualization_msgs/lib:/home/stargate/ros2_humble/install/robot_state_publisher/lib:/home/stargate/ros2_humble/install/kdl_parser/lib:/home/stargate/ros2_humble/install/urdf/lib:/home/stargate/ros2_humble/install/urdfdom/lib:/home/stargate/ros2_humble/install/turtlesim/lib:/home/stargate/ros2_humble/install/tf2_ros/lib:/home/stargate/ros2_humble/install/tf2_msgs/lib:/home/stargate/ros2_humble/install/test_msgs/lib:/home/stargate/ros2_humble/install/rosbag2_storage_mcap_testdata/lib:/home/stargate/ros2_humble/install/ros2cli_test_interfaces/lib:/home/stargate/ros2_humble/install/quality_of_service_demo_cpp/lib:/home/stargate/ros2_humble/install/image_transport/lib:/home/stargate/ros2_humble/install/message_filters/lib:/home/stargate/ros2_humble/install/demo_nodes_cpp/lib:/home/stargate/ros2_humble/install/composition/lib:/home/stargate/ros2_humble/install/laser_geometry/lib:/home/stargate/ros2_humble/install/rclpy/lib:/home/stargate/ros2_humble/install/action_tutorials_cpp/lib:/home/stargate/ros2_humble/install/rclcpp_action/lib:/home/stargate/ros2_humble/install/rcl_action/lib:/home/stargate/ros2_humble/install/examples_rclcpp_wait_set/lib:/home/stargate/ros2_humble/install/example_interfaces/lib:/home/stargate/ros2_humble/install/action_tutorials_interfaces/lib:/home/stargate/ros2_humble/install/action_msgs/lib:/home/stargate/ros2_humble/install/unique_identifier_msgs/lib:/home/stargate/ros2_humble/install/trajectory_msgs/lib:/home/stargate/ros2_humble/install/rqt_gui_cpp/lib:/home/stargate/ros2_humble/install/rclcpp_lifecycle/lib:/home/stargate/ros2_humble/install/logging_demo/lib:/home/stargate/ros2_humble/install/image_tools/lib:/home/stargate/ros2_humble/install/examples_rclcpp_minimal_subscriber/lib:/home/stargate/ros2_humble/install/examples_rclcpp_minimal_composition/lib:/home/stargate/ros2_humble/install/demo_nodes_cpp_native/lib:/home/stargate/ros2_humble/install/rclcpp_components/lib:/home/stargate/ros2_humble/install/rclcpp/lib:/home/stargate/ros2_humble/install/rcl_lifecycle/lib:/home/stargate/ros2_humble/install/libstatistics_collector/lib:/home/stargate/ros2_humble/install/rcl/lib:/home/stargate/ros2_humble/install/rmw_implementation/lib:/home/stargate/ros2_humble/install/rmw_fastrtps_dynamic_cpp/lib:/home/stargate/ros2_humble/install/rmw_fastrtps_cpp/lib:/home/stargate/ros2_humble/install/rmw_fastrtps_shared_cpp/lib:/home/stargate/ros2_humble/install/rmw_cyclonedds_cpp/lib:/home/stargate/ros2_humble/install/tracetools/lib:/home/stargate/ros2_humble/install/qt_gui_cpp/lib:/home/stargate/ros2_humble/install/tf2_eigen_kdl/lib:/home/stargate/ros2_humble/install/tf2/lib:/home/stargate/ros2_humble/install/stereo_msgs/lib:/home/stargate/ros2_humble/install/std_srvs/lib:/home/stargate/ros2_humble/install/shape_msgs/lib:/home/stargate/ros2_humble/install/map_msgs/lib:/home/stargate/ros2_humble/install/sensor_msgs/lib:/home/stargate/ros2_humble/install/nav_msgs/lib:/home/stargate/ros2_humble/install/diagnostic_msgs/lib:/home/stargate/ros2_humble/install/geometry_msgs/lib:/home/stargate/ros2_humble/install/actionlib_msgs/lib:/home/stargate/ros2_humble/install/std_msgs/lib:/home/stargate/ros2_humble/install/statistics_msgs/lib:/home/stargate/ros2_humble/install/rcl_logging_spdlog/lib:/home/stargate/ros2_humble/install/rviz_rendering/lib:/home/stargate/ros2_humble/install/rviz_ogre_vendor/opt/rviz_ogre_vendor/lib:/home/stargate/ros2_humble/install/rttest/lib:/home/stargate/ros2_humble/install/rosgraph_msgs/lib:/home/stargate/ros2_humble/install/rosbag2_interfaces/lib:/home/stargate/ros2_humble/install/rmw_dds_common/lib:/home/stargate/ros2_humble/install/composition_interfaces/lib:/home/stargate/ros2_humble/install/rcl_interfaces/lib:/home/stargate/ros2_humble/install/pendulum_msgs/lib:/home/stargate/ros2_humble/install/lifecycle_msgs/lib:/home/stargate/ros2_humble/install/builtin_interfaces/lib:/home/stargate/ros2_humble/install/rosidl_typesupport_cpp/lib:/home/stargate/ros2_humble/install/rosidl_typesupport_introspection_cpp/lib:/home/stargate/ros2_humble/install/rosidl_typesupport_c/lib:/home/stargate/ros2_humble/install/rosidl_typesupport_introspection_c/lib:/home/stargate/ros2_humble/install/rosidl_typesupport_fastrtps_c/lib:/home/stargate/ros2_humble/install/rosidl_typesupport_fastrtps_cpp/lib:/home/stargate/ros2_humble/install/rcl_yaml_param_parser/lib:/home/stargate/ros2_humble/install/rmw/lib:/home/stargate/ros2_humble/install/rosidl_runtime_c/lib:/home/stargate/ros2_humble/install/resource_retriever/lib:/home/stargate/ros2_humble/install/class_loader/lib:/home/stargate/ros2_humble/install/rcpputils/lib:/home/stargate/ros2_humble/install/rcl_logging_noop/lib:/home/stargate/ros2_humble/install/rcl_logging_interface/lib:/home/stargate/ros2_humble/install/rcutils/lib:/home/stargate/ros2_humble/install/performance_test_fixture/lib:/home/stargate/ros2_humble/install/osrf_testing_tools_cpp/lib:/home/stargate/ros2_humble/install/mimick_vendor/lib:/home/stargate/ros2_humble/install/libyaml_vendor/lib:/home/stargate/ros2_humble/install/keyboard_handler/lib:/home/stargate/ros2_humble/install/iceoryx_introspection/lib:/home/stargate/ros2_humble/install/cyclonedds/lib:/home/stargate/ros2_humble/install/iceoryx_posh/lib:/home/stargate/ros2_humble/install/iceoryx_hoofs/lib:/home/stargate/ros2_humble/install/iceoryx_binding_c/lib:/home/stargate/ros2_humble/install/google_benchmark_vendor/lib:/home/stargate/ros2_humble/install/fastrtps/lib:/home/stargate/ros2_humble/install/fastcdr/lib:/home/stargate/ros2_humble/install/ament_index_cpp/lib PYTHONPATH=/home/stargate/slam_ws/build/slam_landmarks/prefix_override:/usr/local/lib/python3.11/dist-packages/colcon_core/task/python/colcon_distutils_commands:/home/stargate/slam_ws/install/slam_landmarks/lib/python3.11/site-packages:${PYTHONPATH} /usr/bin/python3 -W ignore:setup.py install is deprecated -W ignore:easy_install command is deprecated setup.py develop --editable --build-directory /home/stargate/slam_ws/build/slam_landmarks/build --no-deps symlink_data
[7.110s] Level 1:colcon.colcon_core.shell:create_environment_hook('slam_landmarks', 'pythonpath_develop')
[7.111s] INFO:colcon.colcon_core.shell:Creating environment hook '/home/stargate/slam_ws/build/slam_landmarks/share/slam_landmarks/hook/pythonpath_develop.ps1'
[7.112s] DEBUG:colcon.colcon_core.event_handler.log_command:Invoked command in '/home/stargate/slam_ws/build/slam_landmarks' returned '0': CMAKE_PREFIX_PATH=/home/stargate/slam_ws/install/vision_msgs:/home/stargate/slam_ws/install/cv_bridge:/home/stargate/slam_ws/install/slam_bringup:/home/stargate/slam_ws/install/imu_tools:/home/stargate/slam_ws/install/rviz_imu_plugin:/home/stargate/slam_ws/install/image_transport:/home/stargate/slam_ws/install/vision_opencv:/home/stargate/slam_ws/install/imu_filter_madgwick:/home/stargate/slam_ws/install/imu_complementary_filter:/home/stargate/slam_ws/install/image_geometry:/home/stargate/slam_ws/install/camera_info_manager:/home/stargate/slam_ws/install/camera_calibration_parsers:/home/stargate/ros2_humble/install/rosbag2_storage_mcap:/home/stargate/ros2_humble/install/rosbag2:/home/stargate/ros2_humble/install/rosbag2_compression_zstd:/home/stargate/ros2_humble/install/mcap_vendor:/home/stargate/ros2_humble/install/zstd_vendor:/home/stargate/ros2_humble/install/rviz_visual_testing_framework:/home/stargate/ros2_humble/install/rviz2:/home/stargate/ros2_humble/install/rviz_default_plugins:/home/stargate/ros2_humble/install/rviz_common:/home/stargate/ros2_humble/install/rosbag2_py:/home/stargate/ros2_humble/install/rosbag2_transport:/home/stargate/ros2_humble/install/rosbag2_storage_default_plugins:/home/stargate/ros2_humble/install/rosbag2_performance_benchmarking:/home/stargate/ros2_humble/install/rosbag2_compression:/home/stargate/ros2_humble/install/rosbag2_cpp:/home/stargate/ros2_humble/install/rosbag2_storage:/home/stargate/ros2_humble/install/image_common:/home/stargate/ros2_humble/install/camera_info_manager:/home/stargate/ros2_humble/install/camera_calibration_parsers:/home/stargate/ros2_humble/install/yaml_cpp_vendor:/home/stargate/ros2_humble/install/interactive_markers:/home/stargate/ros2_humble/install/common_interfaces:/home/stargate/ros2_humble/install/visualization_msgs:/home/stargate/ros2_humble/install/dummy_robot_bringup:/home/stargate/ros2_humble/install/robot_state_publisher:/home/stargate/ros2_humble/install/kdl_parser:/home/stargate/ros2_humble/install/urdf:/home/stargate/ros2_humble/install/urdfdom:/home/stargate/ros2_humble/install/urdf_parser_plugin:/home/stargate/ros2_humble/install/urdfdom_headers:/home/stargate/ros2_humble/install/turtlesim:/home/stargate/ros2_humble/install/geometry2:/home/stargate/ros2_humble/install/tf2_sensor_msgs:/home/stargate/ros2_humble/install/test_tf2:/home/stargate/ros2_humble/install/tf2_kdl:/home/stargate/ros2_humble/install/tf2_geometry_msgs:/home/stargate/ros2_humble/install/tf2_eigen:/home/stargate/ros2_humble/install/tf2_bullet:/home/stargate/ros2_humble/install/tf2_ros:/home/stargate/ros2_humble/install/tf2_py:/home/stargate/ros2_humble/install/tf2_msgs:/home/stargate/ros2_humble/install/test_msgs:/home/stargate/ros2_humble/install/sros2_cmake:/home/stargate/ros2_humble/install/ros2cli_common_extensions:/home/stargate/ros2_humble/install/rqt_py_common:/home/stargate/ros2_humble/install/rosbag2_storage_mcap_testdata:/home/stargate/ros2_humble/install/ros_testing:/home/stargate/ros2_humble/install/ros2cli_test_interfaces:/home/stargate/ros2_humble/install/quality_of_service_demo_cpp:/home/stargate/ros2_humble/install/image_transport:/home/stargate/ros2_humble/install/message_filters:/home/stargate/ros2_humble/install/demo_nodes_cpp:/home/stargate/ros2_humble/install/composition:/home/stargate/ros2_humble/install/laser_geometry:/home/stargate/ros2_humble/install/rclpy:/home/stargate/ros2_humble/install/examples_rclcpp_minimal_action_server:/home/stargate/ros2_humble/install/examples_rclcpp_minimal_action_client:/home/stargate/ros2_humble/install/action_tutorials_cpp:/home/stargate/ros2_humble/install/rclcpp_action:/home/stargate/ros2_humble/install/rcl_action:/home/stargate/ros2_humble/install/examples_rclcpp_wait_set:/home/stargate/ros2_humble/install/examples_rclcpp_minimal_service:/home/stargate/ros2_humble/install/examples_rclcpp_minimal_client:/home/stargate/ros2_humble/install/examples_rclcpp_async_client:/home/stargate/ros2_humble/install/example_interfaces:/home/stargate/ros2_humble/install/action_tutorials_interfaces:/home/stargate/ros2_humble/install/action_msgs:/home/stargate/ros2_humble/install/unique_identifier_msgs:/home/stargate/ros2_humble/install/ament_lint_common:/home/stargate/ros2_humble/install/ament_cmake_uncrustify:/home/stargate/ros2_humble/install/uncrustify_vendor:/home/stargate/ros2_humble/install/trajectory_msgs:/home/stargate/ros2_humble/install/topic_statistics_demo:/home/stargate/ros2_humble/install/pendulum_control:/home/stargate/ros2_humble/install/tlsf_cpp:/home/stargate/ros2_humble/install/test_tracetools:/home/stargate/ros2_humble/install/rqt_gui_cpp:/home/stargate/ros2_humble/install/rosbag2_test_common:/home/stargate/ros2_humble/install/ros2lifecycle_test_fixtures:/home/stargate/ros2_humble/install/lifecycle:/home/stargate/ros2_humble/install/rclcpp_lifecycle:/home/stargate/ros2_humble/install/logging_demo:/home/stargate/ros2_humble/install/image_tools:/home/stargate/ros2_humble/install/examples_rclcpp_minimal_subscriber:/home/stargate/ros2_humble/install/examples_rclcpp_minimal_composition:/home/stargate/ros2_humble/install/demo_nodes_cpp_native:/home/stargate/ros2_humble/install/rclcpp_components:/home/stargate/ros2_humble/install/intra_process_demo:/home/stargate/ros2_humble/install/examples_rclcpp_multithreaded_executor:/home/stargate/ros2_humble/install/examples_rclcpp_minimal_timer:/home/stargate/ros2_humble/install/examples_rclcpp_minimal_publisher:/home/stargate/ros2_humble/install/examples_rclcpp_cbg_executor:/home/stargate/ros2_humble/install/dummy_sensors:/home/stargate/ros2_humble/install/dummy_map_server:/home/stargate/ros2_humble/install/rclcpp:/home/stargate/ros2_humble/install/rcl_lifecycle:/home/stargate/ros2_humble/install/libstatistics_collector:/home/stargate/ros2_humble/install/rcl:/home/stargate/ros2_humble/install/rmw_implementation:/home/stargate/ros2_humble/install/rmw_fastrtps_dynamic_cpp:/home/stargate/ros2_humble/install/rmw_fastrtps_cpp:/home/stargate/ros2_humble/install/rmw_fastrtps_shared_cpp:/home/stargate/ros2_humble/install/rmw_cyclonedds_cpp:/home/stargate/ros2_humble/install/tracetools:/home/stargate/ros2_humble/install/tlsf:/home/stargate/ros2_humble/install/tinyxml_vendor:/home/stargate/ros2_humble/install/qt_gui_core:/home/stargate/ros2_humble/install/qt_gui_cpp:/home/stargate/ros2_humble/install/pluginlib:/home/stargate/ros2_humble/install/tinyxml2_vendor:/home/stargate/ros2_humble/install/tf2_eigen_kdl:/home/stargate/ros2_humble/install/tf2:/home/stargate/ros2_humble/install/test_security:/home/stargate/ros2_humble/install/test_rmw_implementation:/home/stargate/ros2_humble/install/test_rclcpp:/home/stargate/ros2_humble/install/test_quality_of_service:/home/stargate/ros2_humble/install/test_launch_testing:/home/stargate/ros2_humble/install/test_interface_files:/home/stargate/ros2_humble/install/test_communication:/home/stargate/ros2_humble/install/test_cli_remapping:/home/stargate/ros2_humble/install/test_cli:/home/stargate/ros2_humble/install/qt_gui_app:/home/stargate/ros2_humble/install/qt_gui:/home/stargate/ros2_humble/install/tango_icons_vendor:/home/stargate/ros2_humble/install/stereo_msgs:/home/stargate/ros2_humble/install/std_srvs:/home/stargate/ros2_humble/install/shape_msgs:/home/stargate/ros2_humble/install/map_msgs:/home/stargate/ros2_humble/install/sensor_msgs:/home/stargate/ros2_humble/install/nav_msgs:/home/stargate/ros2_humble/install/diagnostic_msgs:/home/stargate/ros2_humble/install/geometry_msgs:/home/stargate/ros2_humble/install/actionlib_msgs:/home/stargate/ros2_humble/install/std_msgs:/home/stargate/ros2_humble/install/statistics_msgs:/home/stargate/ros2_humble/install/sqlite3_vendor:/home/stargate/ros2_humble/install/rcl_logging_spdlog:/home/stargate/ros2_humble/install/spdlog_vendor:/home/stargate/ros2_humble/install/shared_queues_vendor:/home/stargate/ros2_humble/install/rviz_rendering_tests:/home/stargate/ros2_humble/install/rviz_rendering:/home/stargate/ros2_humble/install/rviz_ogre_vendor:/home/stargate/ros2_humble/install/rviz_assimp_vendor:/home/stargate/ros2_humble/install/rttest:/home/stargate/ros2_humble/install/rmw_connextddsmicro:/home/stargate/ros2_humble/install/rmw_connextdds:/home/stargate/ros2_humble/install/rmw_connextdds_common:/home/stargate/ros2_humble/install/rti_connext_dds_cmake_module:/home/stargate/ros2_humble/install/rosgraph_msgs:/home/stargate/ros2_humble/install/rosbag2_interfaces:/home/stargate/ros2_humble/install/rmw_dds_common:/home/stargate/ros2_humble/install/composition_interfaces:/home/stargate/ros2_humble/install/rcl_interfaces:/home/stargate/ros2_humble/install/pendulum_msgs:/home/stargate/ros2_humble/install/lifecycle_msgs:/home/stargate/ros2_humble/install/builtin_interfaces:/home/stargate/ros2_humble/install/rosidl_default_runtime:/home/stargate/ros2_humble/install/rosidl_default_generators:/home/stargate/ros2_humble/install/rosidl_generator_py:/home/stargate/ros2_humble/install/rosidl_typesupport_introspection_tests:/home/stargate/ros2_humble/install/rosidl_typesupport_cpp:/home/stargate/ros2_humble/install/rosidl_typesupport_introspection_cpp:/home/stargate/ros2_humble/install/rosidl_typesupport_c:/home/stargate/ros2_humble/install/rosidl_typesupport_introspection_c:/home/stargate/ros2_humble/install/rosidl_typesupport_fastrtps_c:/home/stargate/ros2_humble/install/rosidl_typesupport_fastrtps_cpp:/home/stargate/ros2_humble/install/rosidl_generator_cpp:/home/stargate/ros2_humble/install/rosidl_runtime_cpp:/home/stargate/ros2_humble/install/rcl_yaml_param_parser:/home/stargate/ros2_humble/install/rmw:/home/stargate/ros2_humble/install/rosidl_runtime_c:/home/stargate/ros2_humble/install/rosidl_generator_c:/home/stargate/ros2_humble/install/rosidl_typesupport_interface:/home/stargate/ros2_humble/install/rosidl_generator_dds_idl:/home/stargate/ros2_humble/install/rosidl_cmake:/home/stargate/ros2_humble/install/rosidl_parser:/home/stargate/ros2_humble/install/rosidl_adapter:/home/stargate/ros2_humble/install/rosbag2_tests:/home/stargate/ros2_humble/install/ros_environment:/home/stargate/ros2_humble/install/rmw_implementation_cmake:/home/stargate/ros2_humble/install/resource_retriever:/home/stargate/ros2_humble/install/class_loader:/home/stargate/ros2_humble/install/rcpputils:/home/stargate/ros2_humble/install/rcl_logging_noop:/home/stargate/ros2_humble/install/rcl_logging_interface:/home/stargate/ros2_humble/install/rcutils:/home/stargate/ros2_humble/install/qt_gui_py_common:/home/stargate/ros2_humble/install/qt_dotgraph:/home/stargate/ros2_humble/install/python_qt_binding:/home/stargate/ros2_humble/install/python_orocos_kdl_vendor:/home/stargate/ros2_humble/install/launch_testing_ament_cmake:/home/stargate/ros2_humble/install/python_cmake_module:/home/stargate/ros2_humble/install/pybind11_vendor:/home/stargate/ros2_humble/install/performance_test_fixture:/home/stargate/ros2_humble/install/osrf_testing_tools_cpp:/home/stargate/ros2_humble/install/orocos_kdl_vendor:/home/stargate/ros2_humble/install/mimick_vendor:/home/stargate/ros2_humble/install/libyaml_vendor:/home/stargate/ros2_humble/install/libcurl_vendor:/home/stargate/ros2_humble/install/keyboard_handler:/home/stargate/ros2_humble/install/iceoryx_introspection:/home/stargate/ros2_humble/install/cyclonedds:/home/stargate/ros2_humble/install/iceoryx_posh:/home/stargate/ros2_humble/install/iceoryx_hoofs:/home/stargate/ros2_humble/install/iceoryx_binding_c:/home/stargate/ros2_humble/install/ament_cmake_ros:/home/stargate/ros2_humble/install/ament_cmake_auto:/home/stargate/ros2_humble/install/ament_cmake_gmock:/home/stargate/ros2_humble/install/gmock_vendor:/home/stargate/ros2_humble/install/ament_cmake_gtest:/home/stargate/ros2_humble/install/gtest_vendor:/home/stargate/ros2_humble/install/ament_cmake_google_benchmark:/home/stargate/ros2_humble/install/google_benchmark_vendor:/home/stargate/ros2_humble/install/fastrtps:/home/stargate/ros2_humble/install/foonathan_memory_vendor:/home/stargate/ros2_humble/install/fastrtps_cmake_module:/home/stargate/ros2_humble/install/fastcdr:/home/stargate/ros2_humble/install/eigen3_cmake_module:/home/stargate/ros2_humble/install/console_bridge_vendor:/home/stargate/ros2_humble/install/ament_cmake_xmllint:/home/stargate/ros2_humble/install/ament_cmake_pyflakes:/home/stargate/ros2_humble/install/ament_cmake_pycodestyle:/home/stargate/ros2_humble/install/ament_cmake_pep257:/home/stargate/ros2_humble/install/ament_cmake_pclint:/home/stargate/ros2_humble/install/ament_lint_auto:/home/stargate/ros2_humble/install/ament_cmake:/home/stargate/ros2_humble/install/ament_cmake_version:/home/stargate/ros2_humble/install/ament_cmake_vendor_package:/home/stargate/ros2_humble/install/ament_cmake_pytest:/home/stargate/ros2_humble/install/ament_cmake_nose:/home/stargate/ros2_humble/install/ament_cmake_mypy:/home/stargate/ros2_humble/install/ament_cmake_lint_cmake:/home/stargate/ros2_humble/install/ament_cmake_flake8:/home/stargate/ros2_humble/install/ament_cmake_cpplint:/home/stargate/ros2_humble/install/ament_cmake_cppcheck:/home/stargate/ros2_humble/install/ament_cmake_copyright:/home/stargate/ros2_humble/install/ament_cmake_clang_tidy:/home/stargate/ros2_humble/install/ament_cmake_clang_format:/home/stargate/ros2_humble/install/ament_cmake_test:/home/stargate/ros2_humble/install/ament_cmake_target_dependencies:/home/stargate/ros2_humble/install/ament_cmake_python:/home/stargate/ros2_humble/install/ament_cmake_export_dependencies:/home/stargate/ros2_humble/install/ament_cmake_libraries:/home/stargate/ros2_humble/install/ament_cmake_include_directories:/home/stargate/ros2_humble/install/ament_cmake_gen_version_h:/home/stargate/ros2_humble/install/ament_cmake_export_targets:/home/stargate/ros2_humble/install/ament_cmake_export_link_flags:/home/stargate/ros2_humble/install/ament_cmake_export_interfaces:/home/stargate/ros2_humble/install/ament_cmake_export_libraries:/home/stargate/ros2_humble/install/ament_cmake_export_include_directories:/home/stargate/ros2_humble/install/ament_cmake_export_definitions:/home/stargate/ros2_humble/install/ament_cmake_core:/home/stargate/ros2_humble/install/ament_index_cpp LD_LIBRARY_PATH=/home/stargate/slam_ws/install/vision_msgs/lib:/home/stargate/slam_ws/install/cv_bridge/lib:/home/stargate/slam_ws/install/rviz_imu_plugin/lib:/home/stargate/slam_ws/install/image_transport/lib:/home/stargate/slam_ws/install/imu_filter_madgwick/lib:/home/stargate/slam_ws/install/imu_complementary_filter/lib:/home/stargate/slam_ws/install/image_geometry/lib:/home/stargate/slam_ws/install/camera_info_manager/lib:/home/stargate/slam_ws/install/camera_calibration_parsers/lib:/home/stargate/ros2_humble/install/rosbag2_storage_mcap/lib:/home/stargate/ros2_humble/install/rosbag2_compression_zstd/lib:/home/stargate/ros2_humble/install/mcap_vendor/lib:/home/stargate/ros2_humble/install/rviz_default_plugins/lib:/home/stargate/ros2_humble/install/rviz_common/lib:/home/stargate/ros2_humble/install/rosbag2_transport/lib:/home/stargate/ros2_humble/install/rosbag2_storage_default_plugins/lib:/home/stargate/ros2_humble/install/rosbag2_compression/lib:/home/stargate/ros2_humble/install/rosbag2_cpp/lib:/home/stargate/ros2_humble/install/rosbag2_storage/lib:/home/stargate/ros2_humble/install/camera_info_manager/lib:/home/stargate/ros2_humble/install/camera_calibration_parsers/lib:/home/stargate/ros2_humble/install/interactive_markers/lib:/home/stargate/ros2_humble/install/visualization_msgs/lib:/home/stargate/ros2_humble/install/robot_state_publisher/lib:/home/stargate/ros2_humble/install/kdl_parser/lib:/home/stargate/ros2_humble/install/urdf/lib:/home/stargate/ros2_humble/install/urdfdom/lib:/home/stargate/ros2_humble/install/turtlesim/lib:/home/stargate/ros2_humble/install/tf2_ros/lib:/home/stargate/ros2_humble/install/tf2_msgs/lib:/home/stargate/ros2_humble/install/test_msgs/lib:/home/stargate/ros2_humble/install/rosbag2_storage_mcap_testdata/lib:/home/stargate/ros2_humble/install/ros2cli_test_interfaces/lib:/home/stargate/ros2_humble/install/quality_of_service_demo_cpp/lib:/home/stargate/ros2_humble/install/image_transport/lib:/home/stargate/ros2_humble/install/message_filters/lib:/home/stargate/ros2_humble/install/demo_nodes_cpp/lib:/home/stargate/ros2_humble/install/composition/lib:/home/stargate/ros2_humble/install/laser_geometry/lib:/home/stargate/ros2_humble/install/rclpy/lib:/home/stargate/ros2_humble/install/action_tutorials_cpp/lib:/home/stargate/ros2_humble/install/rclcpp_action/lib:/home/stargate/ros2_humble/install/rcl_action/lib:/home/stargate/ros2_humble/install/examples_rclcpp_wait_set/lib:/home/stargate/ros2_humble/install/example_interfaces/lib:/home/stargate/ros2_humble/install/action_tutorials_interfaces/lib:/home/stargate/ros2_humble/install/action_msgs/lib:/home/stargate/ros2_humble/install/unique_identifier_msgs/lib:/home/stargate/ros2_humble/install/trajectory_msgs/lib:/home/stargate/ros2_humble/install/rqt_gui_cpp/lib:/home/stargate/ros2_humble/install/rclcpp_lifecycle/lib:/home/stargate/ros2_humble/install/logging_demo/lib:/home/stargate/ros2_humble/install/image_tools/lib:/home/stargate/ros2_humble/install/examples_rclcpp_minimal_subscriber/lib:/home/stargate/ros2_humble/install/examples_rclcpp_minimal_composition/lib:/home/stargate/ros2_humble/install/demo_nodes_cpp_native/lib:/home/stargate/ros2_humble/install/rclcpp_components/lib:/home/stargate/ros2_humble/install/rclcpp/lib:/home/stargate/ros2_humble/install/rcl_lifecycle/lib:/home/stargate/ros2_humble/install/libstatistics_collector/lib:/home/stargate/ros2_humble/install/rcl/lib:/home/stargate/ros2_humble/install/rmw_implementation/lib:/home/stargate/ros2_humble/install/rmw_fastrtps_dynamic_cpp/lib:/home/stargate/ros2_humble/install/rmw_fastrtps_cpp/lib:/home/stargate/ros2_humble/install/rmw_fastrtps_shared_cpp/lib:/home/stargate/ros2_humble/install/rmw_cyclonedds_cpp/lib:/home/stargate/ros2_humble/install/tracetools/lib:/home/stargate/ros2_humble/install/qt_gui_cpp/lib:/home/stargate/ros2_humble/install/tf2_eigen_kdl/lib:/home/stargate/ros2_humble/install/tf2/lib:/home/stargate/ros2_humble/install/stereo_msgs/lib:/home/stargate/ros2_humble/install/std_srvs/lib:/home/stargate/ros2_humble/install/shape_msgs/lib:/home/stargate/ros2_humble/install/map_msgs/lib:/home/stargate/ros2_humble/install/sensor_msgs/lib:/home/stargate/ros2_humble/install/nav_msgs/lib:/home/stargate/ros2_humble/install/diagnostic_msgs/lib:/home/stargate/ros2_humble/install/geometry_msgs/lib:/home/stargate/ros2_humble/install/actionlib_msgs/lib:/home/stargate/ros2_humble/install/std_msgs/lib:/home/stargate/ros2_humble/install/statistics_msgs/lib:/home/stargate/ros2_humble/install/rcl_logging_spdlog/lib:/home/stargate/ros2_humble/install/rviz_rendering/lib:/home/stargate/ros2_humble/install/rviz_ogre_vendor/opt/rviz_ogre_vendor/lib:/home/stargate/ros2_humble/install/rttest/lib:/home/stargate/ros2_humble/install/rosgraph_msgs/lib:/home/stargate/ros2_humble/install/rosbag2_interfaces/lib:/home/stargate/ros2_humble/install/rmw_dds_common/lib:/home/stargate/ros2_humble/install/composition_interfaces/lib:/home/stargate/ros2_humble/install/rcl_interfaces/lib:/home/stargate/ros2_humble/install/pendulum_msgs/lib:/home/stargate/ros2_humble/install/lifecycle_msgs/lib:/home/stargate/ros2_humble/install/builtin_interfaces/lib:/home/stargate/ros2_humble/install/rosidl_typesupport_cpp/lib:/home/stargate/ros2_humble/install/rosidl_typesupport_introspection_cpp/lib:/home/stargate/ros2_humble/install/rosidl_typesupport_c/lib:/home/stargate/ros2_humble/install/rosidl_typesupport_introspection_c/lib:/home/stargate/ros2_humble/install/rosidl_typesupport_fastrtps_c/lib:/home/stargate/ros2_humble/install/rosidl_typesupport_fastrtps_cpp/lib:/home/stargate/ros2_humble/install/rcl_yaml_param_parser/lib:/home/stargate/ros2_humble/install/rmw/lib:/home/stargate/ros2_humble/install/rosidl_runtime_c/lib:/home/stargate/ros2_humble/install/resource_retriever/lib:/home/stargate/ros2_humble/install/class_loader/lib:/home/stargate/ros2_humble/install/rcpputils/lib:/home/stargate/ros2_humble/install/rcl_logging_noop/lib:/home/stargate/ros2_humble/install/rcl_logging_interface/lib:/home/stargate/ros2_humble/install/rcutils/lib:/home/stargate/ros2_humble/install/performance_test_fixture/lib:/home/stargate/ros2_humble/install/osrf_testing_tools_cpp/lib:/home/stargate/ros2_humble/install/mimick_vendor/lib:/home/stargate/ros2_humble/install/libyaml_vendor/lib:/home/stargate/ros2_humble/install/keyboard_handler/lib:/home/stargate/ros2_humble/install/iceoryx_introspection/lib:/home/stargate/ros2_humble/install/cyclonedds/lib:/home/stargate/ros2_humble/install/iceoryx_posh/lib:/home/stargate/ros2_humble/install/iceoryx_hoofs/lib:/home/stargate/ros2_humble/install/iceoryx_binding_c/lib:/home/stargate/ros2_humble/install/google_benchmark_vendor/lib:/home/stargate/ros2_humble/install/fastrtps/lib:/home/stargate/ros2_humble/install/fastcdr/lib:/home/stargate/ros2_humble/install/ament_index_cpp/lib PYTHONPATH=/home/stargate/slam_ws/build/slam_landmarks/prefix_override:/usr/local/lib/python3.11/dist-packages/colcon_core/task/python/colcon_distutils_commands:/home/stargate/slam_ws/install/slam_landmarks/lib/python3.11/site-packages:${PYTHONPATH} /usr/bin/python3 -W ignore:setup.py install is deprecated -W ignore:easy_install command is deprecated setup.py develop --editable --build-directory /home/stargate/slam_ws/build/slam_landmarks/build --no-deps symlink_data
[7.112s] INFO:colcon.colcon_core.shell:Creating environment descriptor '/home/stargate/slam_ws/build/slam_landmarks/share/slam_landmarks/hook/pythonpath_develop.dsv'
[7.120s] INFO:colcon.colcon_core.shell:Creating environment hook '/home/stargate/slam_ws/build/slam_landmarks/share/slam_landmarks/hook/pythonpath_develop.sh'
[7.131s] Level 1:colcon.colcon_core.environment:checking '/home/stargate/slam_ws/install/slam_landmarks' for CMake module files
[7.131s] Level 1:colcon.colcon_core.environment:checking '/home/stargate/slam_ws/install/slam_landmarks' for CMake config files
[7.132s] Level 1:colcon.colcon_core.environment:checking '/home/stargate/slam_ws/install/slam_landmarks/lib'
[7.132s] Level 1:colcon.colcon_core.environment:checking '/home/stargate/slam_ws/install/slam_landmarks/bin'
[7.132s] Level 1:colcon.colcon_core.environment:checking '/home/stargate/slam_ws/install/slam_landmarks/lib/pkgconfig/slam_landmarks.pc'
[7.133s] Level 1:colcon.colcon_core.environment:checking '/home/stargate/slam_ws/install/slam_landmarks/lib/python3.11/site-packages'
[7.133s] Level 1:colcon.colcon_core.shell:create_environment_hook('slam_landmarks', 'pythonpath')
[7.133s] INFO:colcon.colcon_core.shell:Creating environment hook '/home/stargate/slam_ws/install/slam_landmarks/share/slam_landmarks/hook/pythonpath.ps1'
[7.134s] INFO:colcon.colcon_core.shell:Creating environment descriptor '/home/stargate/slam_ws/install/slam_landmarks/share/slam_landmarks/hook/pythonpath.dsv'
[7.141s] INFO:colcon.colcon_core.shell:Creating environment hook '/home/stargate/slam_ws/install/slam_landmarks/share/slam_landmarks/hook/pythonpath.sh'
[7.143s] Level 1:colcon.colcon_core.environment:checking '/home/stargate/slam_ws/install/slam_landmarks/bin'
[7.143s] Level 1:colcon.colcon_core.environment:create_environment_scripts_only(slam_landmarks)
[7.143s] INFO:colcon.colcon_core.shell:Creating package script '/home/stargate/slam_ws/install/slam_landmarks/share/slam_landmarks/package.ps1'
[7.144s] INFO:colcon.colcon_core.shell:Creating package descriptor '/home/stargate/slam_ws/install/slam_landmarks/share/slam_landmarks/package.dsv'
[7.145s] INFO:colcon.colcon_core.shell:Creating package script '/home/stargate/slam_ws/install/slam_landmarks/share/slam_landmarks/package.sh'
[7.147s] INFO:colcon.colcon_core.shell:Creating package script '/home/stargate/slam_ws/install/slam_landmarks/share/slam_landmarks/package.bash'
[7.148s] INFO:colcon.colcon_core.shell:Creating package script '/home/stargate/slam_ws/install/slam_landmarks/share/slam_landmarks/package.zsh'
[7.149s] Level 1:colcon.colcon_core.environment:create_file_with_runtime_dependencies(/home/stargate/slam_ws/install/slam_landmarks/share/colcon-core/packages/slam_landmarks)
[7.150s] DEBUG:colcon.colcon_parallel_executor.executor.parallel:closing loop
[7.151s] DEBUG:colcon.colcon_parallel_executor.executor.parallel:loop closed
[7.151s] DEBUG:colcon.colcon_parallel_executor.executor.parallel:run_until_complete finished with '0'
[7.151s] DEBUG:colcon.colcon_core.event_reactor:joining thread
[7.171s] INFO:colcon.colcon_core.plugin_system:Skipping extension 'colcon_notification.desktop_notification.notify_send': Could not find 'notify-send'
[7.172s] INFO:colcon.colcon_core.plugin_system:Skipping extension 'colcon_notification.desktop_notification.terminal_notifier': Not used on non-Darwin systems
[7.172s] INFO:colcon.colcon_core.plugin_system:Skipping extension 'colcon_notification.desktop_notification.win32': Not used on non-Windows systems
[7.172s] INFO:colcon.colcon_notification.desktop_notification:Sending desktop notification using 'notify2'
[7.173s] DEBUG:colcon.colcon_notification.desktop_notification.notify2:Failed to initialize notify2: org.freedesktop.DBus.Error.ServiceUnknown: The name org.freedesktop.Notifications was not provided by any .service files
[7.173s] DEBUG:colcon.colcon_core.event_reactor:joined thread
[7.174s] INFO:colcon.colcon_core.shell:Creating prefix script '/home/stargate/slam_ws/install/local_setup.ps1'
[7.175s] INFO:colcon.colcon_core.shell:Creating prefix util module '/home/stargate/slam_ws/install/_local_setup_util_ps1.py'
[7.182s] INFO:colcon.colcon_core.shell:Creating prefix chain script '/home/stargate/slam_ws/install/setup.ps1'
[7.196s] INFO:colcon.colcon_core.shell:Creating prefix script '/home/stargate/slam_ws/install/local_setup.sh'
[7.203s] INFO:colcon.colcon_core.shell:Creating prefix util module '/home/stargate/slam_ws/install/_local_setup_util_sh.py'
[7.205s] INFO:colcon.colcon_core.shell:Creating prefix chain script '/home/stargate/slam_ws/install/setup.sh'
[7.221s] INFO:colcon.colcon_core.shell:Creating prefix script '/home/stargate/slam_ws/install/local_setup.bash'
[7.229s] INFO:colcon.colcon_core.shell:Creating prefix chain script '/home/stargate/slam_ws/install/setup.bash'
[7.243s] INFO:colcon.colcon_core.shell:Creating prefix script '/home/stargate/slam_ws/install/local_setup.zsh'
[7.250s] INFO:colcon.colcon_core.shell:Creating prefix chain script '/home/stargate/slam_ws/install/setup.zsh'
